Log file open, 03/08/21 10:28:30
LogInit: Display: Running engine for game: DerrickDorisAd
LogPlatformFile: Not using cached read wrapper
LogTaskGraph: Started task graph with 5 named threads and 35 total threads with 3 sets of task threads.
LogStats: Stats thread started at 0.155384
LogD3D11RHI: Loaded GFSDK_Aftermath_Lib.x64.dll
LogICUInternationalization: ICU TimeZone Detection - Raw Offset: +0:00, Platform Override: ''
LogPluginManager: Mounting plugin Paper2D
LogPluginManager: Mounting plugin AISupport
LogPluginManager: Mounting plugin LightPropagationVolume
LogPluginManager: Mounting plugin CameraShakePreviewer
LogPluginManager: Mounting plugin ActorLayerUtilities
LogPluginManager: Mounting plugin AnimationSharing
LogPluginManager: Mounting plugin CLionSourceCodeAccess
LogPluginManager: Mounting plugin CodeLiteSourceCodeAccess
LogPluginManager: Mounting plugin GitSourceControl
LogPluginManager: Mounting plugin KDevelopSourceCodeAccess
LogPluginManager: Mounting plugin NullSourceCodeAccess
LogPluginManager: Mounting plugin PerforceSourceControl
LogPluginManager: Mounting plugin PlasticSourceControl
LogPluginManager: Mounting plugin RiderSourceCodeAccess
LogPluginManager: Mounting plugin SubversionSourceControl
LogPluginManager: Mounting plugin UObjectPlugin
LogPluginManager: Mounting plugin VisualStudioCodeSourceCodeAccess
LogPluginManager: Mounting plugin VisualStudioSourceCodeAccess
LogPluginManager: Mounting plugin XCodeSourceCodeAccess
LogPluginManager: Mounting plugin AssetManagerEditor
LogPluginManager: Mounting plugin CryptoKeys
LogPluginManager: Mounting plugin CurveEditorTools
LogPluginManager: Mounting plugin DataValidation
LogPluginManager: Mounting plugin EditorScriptingUtilities
LogPluginManager: Mounting plugin FacialAnimation
LogPluginManager: Mounting plugin GameplayTagsEditor
LogPluginManager: Mounting plugin GeometryMode
LogPluginManager: Mounting plugin MacGraphicsSwitching
LogPluginManager: Mounting plugin MaterialAnalyzer
LogPluginManager: Mounting plugin MobileLauncherProfileWizard
LogPluginManager: Mounting plugin PluginBrowser
LogPluginManager: Mounting plugin SpeedTreeImporter
LogPluginManager: Mounting plugin DatasmithContent
LogPluginManager: Mounting plugin VariantManagerContent
LogPluginManager: Mounting plugin AlembicImporter
LogPluginManager: Mounting plugin AutomationUtils
LogPluginManager: Mounting plugin BackChannel
LogPluginManager: Mounting plugin ChaosCloth
LogPluginManager: Mounting plugin ChaosClothEditor
LogPluginManager: Mounting plugin ChaosEditor
LogPluginManager: Mounting plugin ChaosNiagara
LogPluginManager: Mounting plugin ChaosSolverPlugin
LogPluginManager: Mounting plugin CharacterAI
LogPluginManager: Mounting plugin GeometryCache
LogPluginManager: Mounting plugin GeometryCollectionPlugin
LogPluginManager: Mounting plugin GeometryProcessing
LogPluginManager: Mounting plugin PlanarCut
LogPluginManager: Mounting plugin PlatformCrypto
LogPluginManager: Mounting plugin ProxyLODPlugin
LogPluginManager: Mounting plugin SkeletalReduction
LogPluginManager: Mounting plugin Niagara
LogPluginManager: Mounting plugin MagicLeap
LogPluginManager: Mounting plugin MagicLeapLightEstimation
LogPluginManager: Mounting plugin MagicLeapMedia
LogPluginManager: Mounting plugin MagicLeapPassableWorld
LogPluginManager: Mounting plugin MLSDK
LogPluginManager: Mounting plugin AndroidMedia
LogPluginManager: Mounting plugin AvfMedia
LogPluginManager: Mounting plugin ImgMedia
LogPluginManager: Mounting plugin MediaCompositing
LogPluginManager: Mounting plugin MediaPlayerEditor
LogPluginManager: Mounting plugin WebMMedia
LogPluginManager: Mounting plugin WmfMedia
LogPluginManager: Mounting plugin MeshPainting
LogPluginManager: Mounting plugin TcpMessaging
LogPluginManager: Mounting plugin UdpMessaging
LogPluginManager: Mounting plugin ActorSequence
LogPluginManager: Mounting plugin LevelSequenceEditor
LogPluginManager: Mounting plugin MatineeToLevelSequence
LogPluginManager: Mounting plugin MovieRenderPipeline
LogPluginManager: Mounting plugin TemplateSequence
LogPluginManager: Mounting plugin NetcodeUnitTest
LogPluginManager: Mounting plugin NUTUnrealEngine4
LogPluginManager: Mounting plugin OnlineSubsystemGooglePlay
LogPluginManager: Mounting plugin OnlineSubsystemIOS
LogPluginManager: Mounting plugin OnlineSubsystem
LogPluginManager: Mounting plugin OnlineSubsystemNull
LogPluginManager: Mounting plugin OnlineSubsystemUtils
LogPluginManager: Mounting plugin LauncherChunkInstaller
LogPluginManager: Mounting plugin AndroidDeviceProfileSelector
LogPluginManager: Mounting plugin AndroidMoviePlayer
LogPluginManager: Mounting plugin AndroidPermission
LogPluginManager: Mounting plugin AppleImageUtils
LogPluginManager: Mounting plugin AppleMoviePlayer
LogPluginManager: Mounting plugin ArchVisCharacter
LogPluginManager: Mounting plugin AssetTags
LogPluginManager: Mounting plugin AudioCapture
LogPluginManager: Mounting plugin CableComponent
LogPluginManager: Mounting plugin CustomMeshComponent
LogPluginManager: Mounting plugin EditableMesh
LogPluginManager: Mounting plugin ExampleDeviceProfileSelector
LogPluginManager: Mounting plugin GoogleCloudMessaging
LogPluginManager: Mounting plugin GooglePAD
LogPluginManager: Mounting plugin IOSDeviceProfileSelector
LogPluginManager: Mounting plugin LinuxDeviceProfileSelector
LogPluginManager: Mounting plugin LocationServicesBPLibrary
LogPluginManager: Mounting plugin MobilePatchingUtils
LogPluginManager: Mounting plugin OculusVR
LogPluginManager: Mounting plugin PhysXVehicles
LogPluginManager: Mounting plugin PostSplashScreen
LogPluginManager: Mounting plugin ProceduralMeshComponent
LogPluginManager: Mounting plugin RuntimePhysXCooking
LogPluginManager: Mounting plugin SignificanceManager
LogPluginManager: Mounting plugin SoundFields
LogPluginManager: Mounting plugin SteamVR
LogPluginManager: Mounting plugin Synthesis
LogPluginManager: Mounting plugin WebMMoviePlayer
LogPluginManager: Mounting plugin WindowsMoviePlayer
LogPluginManager: Mounting plugin ScreenshotTools
LogInit: Using libcurl 7.55.1-DEV
LogInit:  - built for x86_64-pc-win32
LogInit:  - supports SSL with OpenSSL/1.1.1
LogInit:  - supports HTTP deflate (compression) using libz 1.2.8
LogInit:  - other features:
LogInit:      CURL_VERSION_SSL
LogInit:      CURL_VERSION_LIBZ
LogInit:      CURL_VERSION_IPV6
LogInit:      CURL_VERSION_ASYNCHDNS
LogInit:      CURL_VERSION_LARGEFILE
LogInit:      CURL_VERSION_IDN
LogInit:  CurlRequestOptions (configurable via config and command line):
LogInit:  - bVerifyPeer = true  - Libcurl will verify peer certificate
LogInit:  - bUseHttpProxy = false  - Libcurl will NOT use HTTP proxy
LogInit:  - bDontReuseConnections = false  - Libcurl will reuse connections
LogInit:  - MaxHostConnections = 16  - Libcurl will limit the number of connections to a host
LogInit:  - LocalHostAddr = Default
LogInit:  - BufferSize = 65536
LogOnline: OSS: Creating online subsystem instance for: NULL
LogInit: WinSock: version 1.1 (2.2), MaxSocks=32767, MaxUdp=65467
LogOnline: OSS: TryLoadSubsystemAndSetDefault: Loaded subsystem for module [NULL]
LogInit: Build: ++UE4+Release-4.25-CL-13942748
LogInit: Engine Version: 4.25.3-13942748+++UE4+Release-4.25
LogInit: Compatible Engine Version: 4.25.0-13144385+++UE4+Release-4.25
LogInit: Net CL: 13144385
LogInit: OS: Windows 10 (Release 1909) (), CPU: Intel(R) Core(TM) i7-8750H CPU @ 2.20GHz, GPU: Intel(R) UHD Graphics 630
LogInit: Compiled (64-bit): Jul 25 2020 02:07:48
LogInit: Compiled with Visual C++: 19.24.28315.00
LogInit: Build Configuration: Development
LogInit: Branch Name: ++UE4+Release-4.25
LogInit: Command Line: 
LogInit: Base Directory: D:/Program Files/EpicGames/UE_4.25/Engine/Binaries/Win64/
LogInit: Allocator: TBB
LogInit: Installed Engine Build: 1
LogDevObjectVersion: Number of dev versions registered: 26
LogDevObjectVersion:   Dev-Blueprints (B0D832E4-1F89-4F0D-ACCF-7EB736FD4AA2): 10
LogDevObjectVersion:   Dev-Build (E1C64328-A22C-4D53-A36C-8E866417BD8C): 0
LogDevObjectVersion:   Dev-Core (375EC13C-06E4-48FB-B500-84F0262A717E): 4
LogDevObjectVersion:   Dev-Editor (E4B068ED-F494-42E9-A231-DA0B2E46BB41): 38
LogDevObjectVersion:   Dev-Framework (CFFC743F-43B0-4480-9391-14DF171D2073): 37
LogDevObjectVersion:   Dev-Mobile (B02B49B5-BB20-44E9-A304-32B752E40360): 2
LogDevObjectVersion:   Dev-Networking (A4E4105C-59A1-49B5-A7C5-40C4547EDFEE): 0
LogDevObjectVersion:   Dev-Online (39C831C9-5AE6-47DC-9A44-9C173E1C8E7C): 0
LogDevObjectVersion:   Dev-Physics (78F01B33-EBEA-4F98-B9B4-84EACCB95AA2): 4
LogDevObjectVersion:   Dev-Platform (6631380F-2D4D-43E0-8009-CF276956A95A): 0
LogDevObjectVersion:   Dev-Rendering (12F88B9F-8875-4AFC-A67C-D90C383ABD29): 43
LogDevObjectVersion:   Dev-Sequencer (7B5AE74C-D270-4C10-A958-57980B212A5A): 12
LogDevObjectVersion:   Dev-VR (D7296918-1DD6-4BDD-9DE2-64A83CC13884): 3
LogDevObjectVersion:   Dev-LoadTimes (C2A15278-BFE7-4AFE-6C17-90FF531DF755): 1
LogDevObjectVersion:   Private-Geometry (6EACA3D4-40EC-4CC1-B786-8BED09428FC5): 3
LogDevObjectVersion:   Dev-AnimPhys (29E575DD-E0A3-4627-9D10-D276232CDCEA): 17
LogDevObjectVersion:   Dev-Anim (AF43A65D-7FD3-4947-9873-3E8ED9C1BB05): 7
LogDevObjectVersion:   Dev-ReflectionCapture (6B266CEC-1EC7-4B8F-A30B-E4D90942FC07): 1
LogDevObjectVersion:   Dev-Automation (0DF73D61-A23F-47EA-B727-89E90C41499A): 1
LogDevObjectVersion:   FortniteMain (601D1886-AC64-4F84-AA16-D3DE0DEAC7D6): 31
LogDevObjectVersion:   Dev-Enterprise (9DFFBCD6-494F-0158-E221-12823C92A888): 10
LogDevObjectVersion:   Dev-Niagara (F2AED0AC-9AFE-416F-8664-AA7FFA26D6FC): 1
LogDevObjectVersion:   Dev-Destruction (174F1F0B-B4C6-45A5-B13F-2EE8D0FB917D): 10
LogDevObjectVersion:   Dev-Physics-Ext (35F94A83-E258-406C-A318-09F59610247C): 37
LogDevObjectVersion:   Dev-PhysicsMaterial-Chaos (B68FC16E-8B1B-42E2-B453-215C058844FE): 1
LogDevObjectVersion:   Dev-CineCamera (B2E18506-4273-CFC2-A54E-F4BB758BBA07): 1
LogInit: Presizing for max 25165824 objects, including 0 objects not considered by GC, pre-allocating 0 bytes for permanent pool.
LogConfig: Applying CVar settings from Section [/Script/Engine.StreamingSettings] File [D:/Unreal4/Masters/Module_2/DerrickDorisAd/Saved/Config/Windows/Engine.ini]
LogConfig: Setting CVar [[s.MinBulkDataSizeForAsyncLoading:131072]]
LogConfig: Setting CVar [[s.AsyncLoadingThreadEnabled:0]]
LogConfig: Setting CVar [[s.EventDrivenLoaderEnabled:1]]
LogConfig: Setting CVar [[s.WarnIfTimeLimitExceeded:0]]
LogConfig: Setting CVar [[s.TimeLimitExceededMultiplier:1.5]]
LogConfig: Setting CVar [[s.TimeLimitExceededMinTime:0.005]]
LogConfig: Setting CVar [[s.UseBackgroundLevelStreaming:1]]
LogConfig: Setting CVar [[s.PriorityAsyncLoadingExtraTime:15.0]]
LogConfig: Setting CVar [[s.LevelStreamingActorsUpdateTimeLimit:5.0]]
LogConfig: Setting CVar [[s.PriorityLevelStreamingActorsUpdateExtraTime:5.0]]
LogConfig: Setting CVar [[s.LevelStreamingComponentsRegistrationGranularity:10]]
LogConfig: Setting CVar [[s.UnregisterComponentsTimeLimit:1.0]]
LogConfig: Setting CVar [[s.LevelStreamingComponentsUnregistrationGranularity:5]]
LogConfig: Setting CVar [[s.FlushStreamingOnExit:1]]
LogInit: Object subsystem initialized
LogConfig: Setting CVar [[con.DebugEarlyDefault:1]]
LogConfig: Setting CVar [[r.setres:1280x720]]
[2021.03.08-10.28.30:835][  0]LogConfig: Setting CVar [[r.VSync:0]]
[2021.03.08-10.28.30:835][  0]LogConfig: Setting CVar [[r.RHICmdBypass:0]]
[2021.03.08-10.28.30:835][  0]LogConfig: Applying CVar settings from Section [/Script/Engine.RendererSettings] File [D:/Unreal4/Masters/Module_2/DerrickDorisAd/Saved/Config/Windows/Engine.ini]
[2021.03.08-10.28.30:835][  0]LogConfig: Setting CVar [[r.GPUCrashDebugging:0]]
[2021.03.08-10.28.30:835][  0]LogConfig: Applying CVar settings from Section [/Script/Engine.RendererOverrideSettings] File [D:/Unreal4/Masters/Module_2/DerrickDorisAd/Saved/Config/Windows/Engine.ini]
[2021.03.08-10.28.30:835][  0]LogConfig: Applying CVar settings from Section [/Script/Engine.StreamingSettings] File [D:/Unreal4/Masters/Module_2/DerrickDorisAd/Saved/Config/Windows/Engine.ini]
[2021.03.08-10.28.30:835][  0]LogConfig: Setting CVar [[s.MinBulkDataSizeForAsyncLoading:131072]]
[2021.03.08-10.28.30:835][  0]LogConfig: Setting CVar [[s.AsyncLoadingThreadEnabled:0]]
[2021.03.08-10.28.30:835][  0]LogConfig: Setting CVar [[s.EventDrivenLoaderEnabled:1]]
[2021.03.08-10.28.30:835][  0]LogConfig: Setting CVar [[s.WarnIfTimeLimitExceeded:0]]
[2021.03.08-10.28.30:835][  0]LogConfig: Setting CVar [[s.TimeLimitExceededMultiplier:1.5]]
[2021.03.08-10.28.30:835][  0]LogConfig: Setting CVar [[s.TimeLimitExceededMinTime:0.005]]
[2021.03.08-10.28.30:835][  0]LogConfig: Setting CVar [[s.UseBackgroundLevelStreaming:1]]
[2021.03.08-10.28.30:835][  0]LogConfig: Setting CVar [[s.PriorityAsyncLoadingExtraTime:15.0]]
[2021.03.08-10.28.30:835][  0]LogConfig: Setting CVar [[s.LevelStreamingActorsUpdateTimeLimit:5.0]]
[2021.03.08-10.28.30:835][  0]LogConfig: Setting CVar [[s.PriorityLevelStreamingActorsUpdateExtraTime:5.0]]
[2021.03.08-10.28.30:835][  0]LogConfig: Setting CVar [[s.LevelStreamingComponentsRegistrationGranularity:10]]
[2021.03.08-10.28.30:835][  0]LogConfig: Setting CVar [[s.UnregisterComponentsTimeLimit:1.0]]
[2021.03.08-10.28.30:835][  0]LogConfig: Setting CVar [[s.LevelStreamingComponentsUnregistrationGranularity:5]]
[2021.03.08-10.28.30:835][  0]LogConfig: Setting CVar [[s.FlushStreamingOnExit:1]]
[2021.03.08-10.28.30:835][  0]LogConfig: Applying CVar settings from Section [/Script/Engine.GarbageCollectionSettings] File [D:/Unreal4/Masters/Module_2/DerrickDorisAd/Saved/Config/Windows/Engine.ini]
[2021.03.08-10.28.30:835][  0]LogConfig: Setting CVar [[gc.MaxObjectsNotConsideredByGC:1]]
[2021.03.08-10.28.30:835][  0]LogConfig: Setting CVar [[gc.SizeOfPermanentObjectPool:0]]
[2021.03.08-10.28.30:835][  0]LogConfig: Setting CVar [[gc.FlushStreamingOnGC:0]]
[2021.03.08-10.28.30:835][  0]LogConfig: Setting CVar [[gc.NumRetriesBeforeForcingGC:10]]
[2021.03.08-10.28.30:835][  0]LogConfig: Setting CVar [[gc.AllowParallelGC:1]]
[2021.03.08-10.28.30:835][  0]LogConfig: Setting CVar [[gc.TimeBetweenPurgingPendingKillObjects:61.1]]
[2021.03.08-10.28.30:835][  0]LogConfig: Setting CVar [[gc.MaxObjectsInEditor:25165824]]
[2021.03.08-10.28.30:835][  0]LogConfig: Setting CVar [[gc.IncrementalBeginDestroyEnabled:1]]
[2021.03.08-10.28.30:835][  0]LogConfig: Setting CVar [[gc.CreateGCClusters:1]]
[2021.03.08-10.28.30:835][  0]LogConfig: Setting CVar [[gc.MinGCClusterSize:5]]
[2021.03.08-10.28.30:835][  0]LogConfig: Setting CVar [[gc.ActorClusteringEnabled:0]]
[2021.03.08-10.28.30:835][  0]LogConfig: Setting CVar [[gc.BlueprintClusteringEnabled:0]]
[2021.03.08-10.28.30:835][  0]LogConfig: Setting CVar [[gc.UseDisregardForGCOnDedicatedServers:0]]
[2021.03.08-10.28.30:835][  0]LogConfig: Applying CVar settings from Section [/Script/Engine.NetworkSettings] File [D:/Unreal4/Masters/Module_2/DerrickDorisAd/Saved/Config/Windows/Engine.ini]
[2021.03.08-10.28.30:835][  0]LogConfig: Applying CVar settings from Section [/Script/UnrealEd.CookerSettings] File [D:/Unreal4/Masters/Module_2/DerrickDorisAd/Saved/Config/Windows/Engine.ini]
[2021.03.08-10.28.30:838][  0]LogConfig: Applying CVar settings from Section [ViewDistanceQuality@3] File [D:/Unreal4/Masters/Module_2/DerrickDorisAd/Saved/Config/Windows/Scalability.ini]
[2021.03.08-10.28.30:838][  0]LogConfig: Setting CVar [[r.SkeletalMeshLODBias:0]]
[2021.03.08-10.28.30:838][  0]LogConfig: Setting CVar [[r.ViewDistanceScale:1.0]]
[2021.03.08-10.28.30:838][  0]LogConfig: Applying CVar settings from Section [AntiAliasingQuality@3] File [D:/Unreal4/Masters/Module_2/DerrickDorisAd/Saved/Config/Windows/Scalability.ini]
[2021.03.08-10.28.30:838][  0]LogConfig: Setting CVar [[r.PostProcessAAQuality:4]]
[2021.03.08-10.28.30:838][  0]LogConfig: Applying CVar settings from Section [ShadowQuality@3] File [D:/Unreal4/Masters/Module_2/DerrickDorisAd/Saved/Config/Windows/Scalability.ini]
[2021.03.08-10.28.30:838][  0]LogConfig: Setting CVar [[r.LightFunctionQuality:1]]
[2021.03.08-10.28.30:838][  0]LogConfig: Setting CVar [[r.ShadowQuality:5]]
[2021.03.08-10.28.30:838][  0]LogConfig: Setting CVar [[r.Shadow.CSM.MaxCascades:10]]
[2021.03.08-10.28.30:838][  0]LogConfig: Setting CVar [[r.Shadow.MaxResolution:2048]]
[2021.03.08-10.28.30:838][  0]LogConfig: Setting CVar [[r.Shadow.MaxCSMResolution:2048]]
[2021.03.08-10.28.30:838][  0]LogConfig: Setting CVar [[r.Shadow.RadiusThreshold:0.01]]
[2021.03.08-10.28.30:838][  0]LogConfig: Setting CVar [[r.Shadow.DistanceScale:1.0]]
[2021.03.08-10.28.30:838][  0]LogConfig: Setting CVar [[r.Shadow.CSM.TransitionScale:1.0]]
[2021.03.08-10.28.30:838][  0]LogConfig: Setting CVar [[r.Shadow.PreShadowResolutionFactor:1.0]]
[2021.03.08-10.28.30:838][  0]LogConfig: Setting CVar [[r.DistanceFieldShadowing:1]]
[2021.03.08-10.28.30:838][  0]LogConfig: Setting CVar [[r.DistanceFieldAO:1]]
[2021.03.08-10.28.30:838][  0]LogConfig: Setting CVar [[r.AOQuality:2]]
[2021.03.08-10.28.30:838][  0]LogConfig: Setting CVar [[r.VolumetricFog:1]]
[2021.03.08-10.28.30:838][  0]LogConfig: Setting CVar [[r.VolumetricFog.GridPixelSize:8]]
[2021.03.08-10.28.30:838][  0]LogConfig: Setting CVar [[r.VolumetricFog.GridSizeZ:128]]
[2021.03.08-10.28.30:838][  0]LogConfig: Setting CVar [[r.VolumetricFog.HistoryMissSupersampleCount:4]]
[2021.03.08-10.28.30:838][  0]LogConfig: Setting CVar [[r.LightMaxDrawDistanceScale:1]]
[2021.03.08-10.28.30:838][  0]LogConfig: Setting CVar [[r.CapsuleShadows:1]]
[2021.03.08-10.28.30:838][  0]LogConfig: Applying CVar settings from Section [PostProcessQuality@3] File [D:/Unreal4/Masters/Module_2/DerrickDorisAd/Saved/Config/Windows/Scalability.ini]
[2021.03.08-10.28.30:838][  0]LogConfig: Setting CVar [[r.MotionBlurQuality:4]]
[2021.03.08-10.28.30:838][  0]LogConfig: Setting CVar [[r.AmbientOcclusionMipLevelFactor:0.4]]
[2021.03.08-10.28.30:838][  0]LogConfig: Setting CVar [[r.AmbientOcclusionMaxQuality:100]]
[2021.03.08-10.28.30:838][  0]LogConfig: Setting CVar [[r.AmbientOcclusionLevels:-1]]
[2021.03.08-10.28.30:838][  0]LogConfig: Setting CVar [[r.AmbientOcclusionRadiusScale:1.0]]
[2021.03.08-10.28.30:838][  0]LogConfig: Setting CVar [[r.DepthOfFieldQuality:2]]
[2021.03.08-10.28.30:838][  0]LogConfig: Setting CVar [[r.RenderTargetPoolMin:400]]
[2021.03.08-10.28.30:838][  0]LogConfig: Setting CVar [[r.LensFlareQuality:2]]
[2021.03.08-10.28.30:838][  0]LogConfig: Setting CVar [[r.SceneColorFringeQuality:1]]
[2021.03.08-10.28.30:838][  0]LogConfig: Setting CVar [[r.EyeAdaptationQuality:2]]
[2021.03.08-10.28.30:838][  0]LogConfig: Setting CVar [[r.BloomQuality:5]]
[2021.03.08-10.28.30:838][  0]LogConfig: Setting CVar [[r.FastBlurThreshold:100]]
[2021.03.08-10.28.30:838][  0]LogConfig: Setting CVar [[r.Upscale.Quality:3]]
[2021.03.08-10.28.30:839][  0]LogConfig: Setting CVar [[r.Tonemapper.GrainQuantization:1]]
[2021.03.08-10.28.30:839][  0]LogConfig: Setting CVar [[r.LightShaftQuality:1]]
[2021.03.08-10.28.30:839][  0]LogConfig: Setting CVar [[r.Filter.SizeScale:1]]
[2021.03.08-10.28.30:839][  0]LogConfig: Setting CVar [[r.Tonemapper.Quality:5]]
[2021.03.08-10.28.30:839][  0]LogConfig: Setting CVar [[r.DOF.Gather.AccumulatorQuality:1        ; higher gathering accumulator quality]]
[2021.03.08-10.28.30:839][  0]LogConfig: Setting CVar [[r.DOF.Gather.PostfilterMethod:1          ; Median3x3 postfilering method]]
[2021.03.08-10.28.30:839][  0]LogConfig: Setting CVar [[r.DOF.Gather.EnableBokehSettings:0       ; no bokeh simulation when gathering]]
[2021.03.08-10.28.30:839][  0]LogConfig: Setting CVar [[r.DOF.Gather.RingCount:4                 ; medium number of samples when gathering]]
[2021.03.08-10.28.30:839][  0]LogConfig: Setting CVar [[r.DOF.Scatter.ForegroundCompositing:1    ; additive foreground scattering]]
[2021.03.08-10.28.30:839][  0]LogConfig: Setting CVar [[r.DOF.Scatter.BackgroundCompositing:2    ; additive background scattering]]
[2021.03.08-10.28.30:839][  0]LogConfig: Setting CVar [[r.DOF.Scatter.EnableBokehSettings:1      ; bokeh simulation when scattering]]
[2021.03.08-10.28.30:839][  0]LogConfig: Setting CVar [[r.DOF.Scatter.MaxSpriteRatio:0.1         ; only a maximum of 10% of scattered bokeh]]
[2021.03.08-10.28.30:839][  0]LogConfig: Setting CVar [[r.DOF.Recombine.Quality:1                ; cheap slight out of focus]]
[2021.03.08-10.28.30:839][  0]LogConfig: Setting CVar [[r.DOF.Recombine.EnableBokehSettings:0    ; no bokeh simulation on slight out of focus]]
[2021.03.08-10.28.30:839][  0]LogConfig: Setting CVar [[r.DOF.TemporalAAQuality:1                ; more stable temporal accumulation]]
[2021.03.08-10.28.30:839][  0]LogConfig: Setting CVar [[r.DOF.Kernel.MaxForegroundRadius:0.025]]
[2021.03.08-10.28.30:839][  0]LogConfig: Setting CVar [[r.DOF.Kernel.MaxBackgroundRadius:0.025]]
[2021.03.08-10.28.30:839][  0]LogConfig: Applying CVar settings from Section [TextureQuality@3] File [D:/Unreal4/Masters/Module_2/DerrickDorisAd/Saved/Config/Windows/Scalability.ini]
[2021.03.08-10.28.30:839][  0]LogConfig: Setting CVar [[r.Streaming.MipBias:0]]
[2021.03.08-10.28.30:839][  0]LogConfig: Setting CVar [[r.Streaming.AmortizeCPUToGPUCopy:0]]
[2021.03.08-10.28.30:839][  0]LogConfig: Setting CVar [[r.Streaming.MaxNumTexturesToStreamPerFrame:0]]
[2021.03.08-10.28.30:839][  0]LogConfig: Setting CVar [[r.Streaming.Boost:1]]
[2021.03.08-10.28.30:839][  0]LogConfig: Setting CVar [[r.MaxAnisotropy:8]]
[2021.03.08-10.28.30:839][  0]LogConfig: Setting CVar [[r.VT.MaxAnisotropy:8]]
[2021.03.08-10.28.30:839][  0]LogConfig: Setting CVar [[r.Streaming.LimitPoolSizeToVRAM:0]]
[2021.03.08-10.28.30:839][  0]LogConfig: Setting CVar [[r.Streaming.PoolSize:1000]]
[2021.03.08-10.28.30:839][  0]LogConfig: Setting CVar [[r.Streaming.MaxEffectiveScreenSize:0]]
[2021.03.08-10.28.30:839][  0]LogConfig: Applying CVar settings from Section [EffectsQuality@3] File [D:/Unreal4/Masters/Module_2/DerrickDorisAd/Saved/Config/Windows/Scalability.ini]
[2021.03.08-10.28.30:839][  0]LogConfig: Setting CVar [[r.TranslucencyLightingVolumeDim:64]]
[2021.03.08-10.28.30:839][  0]LogConfig: Setting CVar [[r.RefractionQuality:2]]
[2021.03.08-10.28.30:839][  0]LogConfig: Setting CVar [[r.SSR.Quality:3]]
[2021.03.08-10.28.30:839][  0]LogConfig: Setting CVar [[r.SSR.HalfResSceneColor:0]]
[2021.03.08-10.28.30:839][  0]LogConfig: Setting CVar [[r.SceneColorFormat:4]]
[2021.03.08-10.28.30:839][  0]LogConfig: Setting CVar [[r.DetailMode:2]]
[2021.03.08-10.28.30:839][  0]LogConfig: Setting CVar [[r.TranslucencyVolumeBlur:1]]
[2021.03.08-10.28.30:839][  0]LogConfig: Setting CVar [[r.MaterialQualityLevel:1 ; High quality]]
[2021.03.08-10.28.30:839][  0]LogConfig: Setting CVar [[r.SSS.Scale:1]]
[2021.03.08-10.28.30:839][  0]LogConfig: Setting CVar [[r.SSS.SampleSet:2]]
[2021.03.08-10.28.30:839][  0]LogConfig: Setting CVar [[r.SSS.Quality:1]]
[2021.03.08-10.28.30:839][  0]LogConfig: Setting CVar [[r.SSS.HalfRes:0]]
[2021.03.08-10.28.30:839][  0]LogConfig: Setting CVar [[r.SSGI.Quality:3]]
[2021.03.08-10.28.30:839][  0]LogConfig: Setting CVar [[r.EmitterSpawnRateScale:1.0]]
[2021.03.08-10.28.30:839][  0]LogConfig: Setting CVar [[r.ParticleLightQuality:2]]
[2021.03.08-10.28.30:839][  0]LogConfig: Setting CVar [[r.SkyAtmosphere.AerialPerspectiveLUT.FastApplyOnOpaque:1 ; Always have FastSkyLUT 1 in this case to avoid wrong sky]]
[2021.03.08-10.28.30:839][  0]LogConfig: Setting CVar [[r.SkyAtmosphere.AerialPerspectiveLUT.SampleCountPerSlice:1]]
[2021.03.08-10.28.30:839][  0]LogConfig: Setting CVar [[r.SkyAtmosphere.AerialPerspectiveLUT.DepthResolution:16.0]]
[2021.03.08-10.28.30:839][  0]LogConfig: Setting CVar [[r.SkyAtmosphere.FastSkyLUT:1]]
[2021.03.08-10.28.30:839][  0]LogConfig: Setting CVar [[r.SkyAtmosphere.FastSkyLUT.SampleCountMin:4.0]]
[2021.03.08-10.28.30:839][  0]LogConfig: Setting CVar [[r.SkyAtmosphere.FastSkyLUT.SampleCountMax:32.0]]
[2021.03.08-10.28.30:839][  0]LogConfig: Setting CVar [[r.SkyAtmosphere.SampleCountMin:4.0]]
[2021.03.08-10.28.30:839][  0]LogConfig: Setting CVar [[r.SkyAtmosphere.SampleCountMax:32.0]]
[2021.03.08-10.28.30:839][  0]LogConfig: Setting CVar [[r.SkyAtmosphere.TransmittanceLUT.UseSmallFormat:0]]
[2021.03.08-10.28.30:839][  0]LogConfig: Setting CVar [[r.SkyAtmosphere.TransmittanceLUT.SampleCount:10.0]]
[2021.03.08-10.28.30:839][  0]LogConfig: Setting CVar [[r.SkyAtmosphere.MultiScatteringLUT.SampleCount:15.0]]
[2021.03.08-10.28.30:839][  0]LogConfig: Applying CVar settings from Section [FoliageQuality@3] File [D:/Unreal4/Masters/Module_2/DerrickDorisAd/Saved/Config/Windows/Scalability.ini]
[2021.03.08-10.28.30:839][  0]LogConfig: Setting CVar [[foliage.DensityScale:1.0]]
[2021.03.08-10.28.30:839][  0]LogConfig: Setting CVar [[grass.DensityScale:1.0]]
[2021.03.08-10.28.30:839][  0]LogConfig: Applying CVar settings from Section [ShadingQuality@3] File [D:/Unreal4/Masters/Module_2/DerrickDorisAd/Saved/Config/Windows/Scalability.ini]
[2021.03.08-10.28.30:839][  0]LogConfig: Setting CVar [[r.HairStrands.SkyLighting.SampleCount:16]]
[2021.03.08-10.28.30:839][  0]LogConfig: Setting CVar [[r.HairStrands.SkyLighting.JitterIntegration:0]]
[2021.03.08-10.28.30:839][  0]LogConfig: Setting CVar [[r.HairStrands.SkyAO.SampleCount:16]]
[2021.03.08-10.28.30:839][  0]LogConfig: Setting CVar [[r.HairStrands.DeepShadow.SuperSampling:0]]
[2021.03.08-10.28.30:839][  0]LogConfig: Setting CVar [[r.HairStrands.VisibilityPPLL:0]]
[2021.03.08-10.28.30:839][  0]LogConfig: Setting CVar [[r.HairStrands.RasterizationScale:0.5]]
[2021.03.08-10.28.30:839][  0]LogConfig: Setting CVar [[r.HairStrands.VelocityRasterizationScale:1]]
[2021.03.08-10.28.30:839][  0]LogInit: Selected Device Profile: [Windows]
[2021.03.08-10.28.30:839][  0]LogInit: Applying CVar settings loaded from the selected device profile: [Windows]
[2021.03.08-10.28.30:839][  0]LogHAL: Display: Platform has ~ 32 GB [34195075072 / 34359738368 / 32], which maps to Largest [LargestMinGB=32, LargerMinGB=12, DefaultMinGB=8, SmallerMinGB=6, SmallestMinGB=0)
[2021.03.08-10.28.30:839][  0]LogInit: Going up to parent DeviceProfile []
[2021.03.08-10.28.30:839][  0]LogConfig: Applying CVar settings from Section [ViewDistanceQuality@3] File [D:/Unreal4/Masters/Module_2/DerrickDorisAd/Saved/Config/Windows/Scalability.ini]
[2021.03.08-10.28.30:839][  0]LogConfig: Setting CVar [[r.SkeletalMeshLODBias:0]]
[2021.03.08-10.28.30:839][  0]LogConfig: Setting CVar [[r.ViewDistanceScale:1.0]]
[2021.03.08-10.28.30:839][  0]LogConfig: Applying CVar settings from Section [AntiAliasingQuality@3] File [D:/Unreal4/Masters/Module_2/DerrickDorisAd/Saved/Config/Windows/Scalability.ini]
[2021.03.08-10.28.30:839][  0]LogConfig: Setting CVar [[r.PostProcessAAQuality:4]]
[2021.03.08-10.28.30:839][  0]LogConfig: Applying CVar settings from Section [ShadowQuality@3] File [D:/Unreal4/Masters/Module_2/DerrickDorisAd/Saved/Config/Windows/Scalability.ini]
[2021.03.08-10.28.30:839][  0]LogConfig: Setting CVar [[r.LightFunctionQuality:1]]
[2021.03.08-10.28.30:839][  0]LogConfig: Setting CVar [[r.ShadowQuality:5]]
[2021.03.08-10.28.30:839][  0]LogConfig: Setting CVar [[r.Shadow.CSM.MaxCascades:10]]
[2021.03.08-10.28.30:839][  0]LogConfig: Setting CVar [[r.Shadow.MaxResolution:2048]]
[2021.03.08-10.28.30:839][  0]LogConfig: Setting CVar [[r.Shadow.MaxCSMResolution:2048]]
[2021.03.08-10.28.30:839][  0]LogConfig: Setting CVar [[r.Shadow.RadiusThreshold:0.01]]
[2021.03.08-10.28.30:839][  0]LogConfig: Setting CVar [[r.Shadow.DistanceScale:1.0]]
[2021.03.08-10.28.30:839][  0]LogConfig: Setting CVar [[r.Shadow.CSM.TransitionScale:1.0]]
[2021.03.08-10.28.30:839][  0]LogConfig: Setting CVar [[r.Shadow.PreShadowResolutionFactor:1.0]]
[2021.03.08-10.28.30:839][  0]LogConfig: Setting CVar [[r.DistanceFieldShadowing:1]]
[2021.03.08-10.28.30:839][  0]LogConfig: Setting CVar [[r.DistanceFieldAO:1]]
[2021.03.08-10.28.30:839][  0]LogConfig: Setting CVar [[r.AOQuality:2]]
[2021.03.08-10.28.30:839][  0]LogConfig: Setting CVar [[r.VolumetricFog:1]]
[2021.03.08-10.28.30:839][  0]LogConfig: Setting CVar [[r.VolumetricFog.GridPixelSize:8]]
[2021.03.08-10.28.30:839][  0]LogConfig: Setting CVar [[r.VolumetricFog.GridSizeZ:128]]
[2021.03.08-10.28.30:840][  0]LogConfig: Setting CVar [[r.VolumetricFog.HistoryMissSupersampleCount:4]]
[2021.03.08-10.28.30:840][  0]LogConfig: Setting CVar [[r.LightMaxDrawDistanceScale:1]]
[2021.03.08-10.28.30:840][  0]LogConfig: Setting CVar [[r.CapsuleShadows:1]]
[2021.03.08-10.28.30:840][  0]LogConfig: Applying CVar settings from Section [PostProcessQuality@3] File [D:/Unreal4/Masters/Module_2/DerrickDorisAd/Saved/Config/Windows/Scalability.ini]
[2021.03.08-10.28.30:840][  0]LogConfig: Setting CVar [[r.MotionBlurQuality:4]]
[2021.03.08-10.28.30:840][  0]LogConfig: Setting CVar [[r.AmbientOcclusionMipLevelFactor:0.4]]
[2021.03.08-10.28.30:840][  0]LogConfig: Setting CVar [[r.AmbientOcclusionMaxQuality:100]]
[2021.03.08-10.28.30:840][  0]LogConfig: Setting CVar [[r.AmbientOcclusionLevels:-1]]
[2021.03.08-10.28.30:840][  0]LogConfig: Setting CVar [[r.AmbientOcclusionRadiusScale:1.0]]
[2021.03.08-10.28.30:840][  0]LogConfig: Setting CVar [[r.DepthOfFieldQuality:2]]
[2021.03.08-10.28.30:840][  0]LogConfig: Setting CVar [[r.RenderTargetPoolMin:400]]
[2021.03.08-10.28.30:840][  0]LogConfig: Setting CVar [[r.LensFlareQuality:2]]
[2021.03.08-10.28.30:840][  0]LogConfig: Setting CVar [[r.SceneColorFringeQuality:1]]
[2021.03.08-10.28.30:840][  0]LogConfig: Setting CVar [[r.EyeAdaptationQuality:2]]
[2021.03.08-10.28.30:840][  0]LogConfig: Setting CVar [[r.BloomQuality:5]]
[2021.03.08-10.28.30:840][  0]LogConfig: Setting CVar [[r.FastBlurThreshold:100]]
[2021.03.08-10.28.30:840][  0]LogConfig: Setting CVar [[r.Upscale.Quality:3]]
[2021.03.08-10.28.30:840][  0]LogConfig: Setting CVar [[r.Tonemapper.GrainQuantization:1]]
[2021.03.08-10.28.30:840][  0]LogConfig: Setting CVar [[r.LightShaftQuality:1]]
[2021.03.08-10.28.30:840][  0]LogConfig: Setting CVar [[r.Filter.SizeScale:1]]
[2021.03.08-10.28.30:840][  0]LogConfig: Setting CVar [[r.Tonemapper.Quality:5]]
[2021.03.08-10.28.30:840][  0]LogConfig: Setting CVar [[r.DOF.Gather.AccumulatorQuality:1        ; higher gathering accumulator quality]]
[2021.03.08-10.28.30:840][  0]LogConfig: Setting CVar [[r.DOF.Gather.PostfilterMethod:1          ; Median3x3 postfilering method]]
[2021.03.08-10.28.30:840][  0]LogConfig: Setting CVar [[r.DOF.Gather.EnableBokehSettings:0       ; no bokeh simulation when gathering]]
[2021.03.08-10.28.30:840][  0]LogConfig: Setting CVar [[r.DOF.Gather.RingCount:4                 ; medium number of samples when gathering]]
[2021.03.08-10.28.30:840][  0]LogConfig: Setting CVar [[r.DOF.Scatter.ForegroundCompositing:1    ; additive foreground scattering]]
[2021.03.08-10.28.30:840][  0]LogConfig: Setting CVar [[r.DOF.Scatter.BackgroundCompositing:2    ; additive background scattering]]
[2021.03.08-10.28.30:840][  0]LogConfig: Setting CVar [[r.DOF.Scatter.EnableBokehSettings:1      ; bokeh simulation when scattering]]
[2021.03.08-10.28.30:840][  0]LogConfig: Setting CVar [[r.DOF.Scatter.MaxSpriteRatio:0.1         ; only a maximum of 10% of scattered bokeh]]
[2021.03.08-10.28.30:840][  0]LogConfig: Setting CVar [[r.DOF.Recombine.Quality:1                ; cheap slight out of focus]]
[2021.03.08-10.28.30:840][  0]LogConfig: Setting CVar [[r.DOF.Recombine.EnableBokehSettings:0    ; no bokeh simulation on slight out of focus]]
[2021.03.08-10.28.30:840][  0]LogConfig: Setting CVar [[r.DOF.TemporalAAQuality:1                ; more stable temporal accumulation]]
[2021.03.08-10.28.30:840][  0]LogConfig: Setting CVar [[r.DOF.Kernel.MaxForegroundRadius:0.025]]
[2021.03.08-10.28.30:840][  0]LogConfig: Setting CVar [[r.DOF.Kernel.MaxBackgroundRadius:0.025]]
[2021.03.08-10.28.30:840][  0]LogConfig: Applying CVar settings from Section [TextureQuality@3] File [D:/Unreal4/Masters/Module_2/DerrickDorisAd/Saved/Config/Windows/Scalability.ini]
[2021.03.08-10.28.30:840][  0]LogConfig: Setting CVar [[r.Streaming.MipBias:0]]
[2021.03.08-10.28.30:840][  0]LogConfig: Setting CVar [[r.Streaming.AmortizeCPUToGPUCopy:0]]
[2021.03.08-10.28.30:840][  0]LogConfig: Setting CVar [[r.Streaming.MaxNumTexturesToStreamPerFrame:0]]
[2021.03.08-10.28.30:840][  0]LogConfig: Setting CVar [[r.Streaming.Boost:1]]
[2021.03.08-10.28.30:840][  0]LogConfig: Setting CVar [[r.MaxAnisotropy:8]]
[2021.03.08-10.28.30:840][  0]LogConfig: Setting CVar [[r.VT.MaxAnisotropy:8]]
[2021.03.08-10.28.30:840][  0]LogConfig: Setting CVar [[r.Streaming.LimitPoolSizeToVRAM:0]]
[2021.03.08-10.28.30:840][  0]LogConfig: Setting CVar [[r.Streaming.PoolSize:1000]]
[2021.03.08-10.28.30:840][  0]LogConfig: Setting CVar [[r.Streaming.MaxEffectiveScreenSize:0]]
[2021.03.08-10.28.30:840][  0]LogConfig: Applying CVar settings from Section [EffectsQuality@3] File [D:/Unreal4/Masters/Module_2/DerrickDorisAd/Saved/Config/Windows/Scalability.ini]
[2021.03.08-10.28.30:840][  0]LogConfig: Setting CVar [[r.TranslucencyLightingVolumeDim:64]]
[2021.03.08-10.28.30:840][  0]LogConfig: Setting CVar [[r.RefractionQuality:2]]
[2021.03.08-10.28.30:840][  0]LogConfig: Setting CVar [[r.SSR.Quality:3]]
[2021.03.08-10.28.30:840][  0]LogConfig: Setting CVar [[r.SSR.HalfResSceneColor:0]]
[2021.03.08-10.28.30:840][  0]LogConfig: Setting CVar [[r.SceneColorFormat:4]]
[2021.03.08-10.28.30:840][  0]LogConfig: Setting CVar [[r.DetailMode:2]]
[2021.03.08-10.28.30:840][  0]LogConfig: Setting CVar [[r.TranslucencyVolumeBlur:1]]
[2021.03.08-10.28.30:840][  0]LogConfig: Setting CVar [[r.MaterialQualityLevel:1 ; High quality]]
[2021.03.08-10.28.30:840][  0]LogConfig: Setting CVar [[r.SSS.Scale:1]]
[2021.03.08-10.28.30:840][  0]LogConfig: Setting CVar [[r.SSS.SampleSet:2]]
[2021.03.08-10.28.30:840][  0]LogConfig: Setting CVar [[r.SSS.Quality:1]]
[2021.03.08-10.28.30:840][  0]LogConfig: Setting CVar [[r.SSS.HalfRes:0]]
[2021.03.08-10.28.30:840][  0]LogConfig: Setting CVar [[r.SSGI.Quality:3]]
[2021.03.08-10.28.30:840][  0]LogConfig: Setting CVar [[r.EmitterSpawnRateScale:1.0]]
[2021.03.08-10.28.30:840][  0]LogConfig: Setting CVar [[r.ParticleLightQuality:2]]
[2021.03.08-10.28.30:840][  0]LogConfig: Setting CVar [[r.SkyAtmosphere.AerialPerspectiveLUT.FastApplyOnOpaque:1 ; Always have FastSkyLUT 1 in this case to avoid wrong sky]]
[2021.03.08-10.28.30:840][  0]LogConfig: Setting CVar [[r.SkyAtmosphere.AerialPerspectiveLUT.SampleCountPerSlice:1]]
[2021.03.08-10.28.30:840][  0]LogConfig: Setting CVar [[r.SkyAtmosphere.AerialPerspectiveLUT.DepthResolution:16.0]]
[2021.03.08-10.28.30:840][  0]LogConfig: Setting CVar [[r.SkyAtmosphere.FastSkyLUT:1]]
[2021.03.08-10.28.30:840][  0]LogConfig: Setting CVar [[r.SkyAtmosphere.FastSkyLUT.SampleCountMin:4.0]]
[2021.03.08-10.28.30:840][  0]LogConfig: Setting CVar [[r.SkyAtmosphere.FastSkyLUT.SampleCountMax:32.0]]
[2021.03.08-10.28.30:840][  0]LogConfig: Setting CVar [[r.SkyAtmosphere.SampleCountMin:4.0]]
[2021.03.08-10.28.30:840][  0]LogConfig: Setting CVar [[r.SkyAtmosphere.SampleCountMax:32.0]]
[2021.03.08-10.28.30:840][  0]LogConfig: Setting CVar [[r.SkyAtmosphere.TransmittanceLUT.UseSmallFormat:0]]
[2021.03.08-10.28.30:840][  0]LogConfig: Setting CVar [[r.SkyAtmosphere.TransmittanceLUT.SampleCount:10.0]]
[2021.03.08-10.28.30:840][  0]LogConfig: Setting CVar [[r.SkyAtmosphere.MultiScatteringLUT.SampleCount:15.0]]
[2021.03.08-10.28.30:840][  0]LogConfig: Applying CVar settings from Section [FoliageQuality@3] File [D:/Unreal4/Masters/Module_2/DerrickDorisAd/Saved/Config/Windows/Scalability.ini]
[2021.03.08-10.28.30:840][  0]LogConfig: Setting CVar [[foliage.DensityScale:1.0]]
[2021.03.08-10.28.30:840][  0]LogConfig: Setting CVar [[grass.DensityScale:1.0]]
[2021.03.08-10.28.30:840][  0]LogConfig: Applying CVar settings from Section [ShadingQuality@3] File [D:/Unreal4/Masters/Module_2/DerrickDorisAd/Saved/Config/Windows/Scalability.ini]
[2021.03.08-10.28.30:840][  0]LogConfig: Setting CVar [[r.HairStrands.SkyLighting.SampleCount:16]]
[2021.03.08-10.28.30:840][  0]LogConfig: Setting CVar [[r.HairStrands.SkyLighting.JitterIntegration:0]]
[2021.03.08-10.28.30:840][  0]LogConfig: Setting CVar [[r.HairStrands.SkyAO.SampleCount:16]]
[2021.03.08-10.28.30:840][  0]LogConfig: Setting CVar [[r.HairStrands.DeepShadow.SuperSampling:0]]
[2021.03.08-10.28.30:840][  0]LogConfig: Setting CVar [[r.HairStrands.VisibilityPPLL:0]]
[2021.03.08-10.28.30:840][  0]LogConfig: Setting CVar [[r.HairStrands.RasterizationScale:0.5]]
[2021.03.08-10.28.30:840][  0]LogConfig: Setting CVar [[r.HairStrands.VelocityRasterizationScale:1]]
[2021.03.08-10.28.30:840][  0]LogConfig: Applying CVar settings from Section [Startup] File [../../../Engine/Config/ConsoleVariables.ini]
[2021.03.08-10.28.30:841][  0]LogConfig: Setting CVar [[net.UseAdaptiveNetUpdateFrequency:0]]
[2021.03.08-10.28.30:841][  0]LogConfig: Setting CVar [[p.chaos.AllowCreatePhysxBodies:1]]
[2021.03.08-10.28.30:841][  0]LogConfig: Setting CVar [[fx.SkipVectorVMBackendOptimizations:1]]
[2021.03.08-10.28.30:841][  0]LogConfig: Applying CVar settings from Section [ConsoleVariables] File [D:/Unreal4/Masters/Module_2/DerrickDorisAd/Saved/Config/Windows/Engine.ini]
[2021.03.08-10.28.30:841][  0]LogInit: Computer: MSILAPTOPMATTX
[2021.03.08-10.28.30:841][  0]LogInit: User: home
[2021.03.08-10.28.30:841][  0]LogInit: CPU Page size=4096, Cores=6
[2021.03.08-10.28.30:841][  0]LogInit: High frequency timer resolution =10.000000 MHz
[2021.03.08-10.28.30:841][  0]LogMemory: Memory total: Physical=31.8GB (32GB approx)
[2021.03.08-10.28.30:841][  0]LogMemory: Platform Memory Stats for Windows
[2021.03.08-10.28.30:841][  0]LogMemory: Process Physical Memory: 114.51 MB used, 114.51 MB peak
[2021.03.08-10.28.30:841][  0]LogMemory: Process Virtual Memory: 97.25 MB used, 97.25 MB peak
[2021.03.08-10.28.30:841][  0]LogMemory: Physical Memory: 10278.88 MB used,  22332.08 MB free, 32610.96 MB total
[2021.03.08-10.28.30:841][  0]LogMemory: Virtual Memory: 5164.81 MB used,  134212560.00 MB free, 134217728.00 MB total
[2021.03.08-10.28.30:848][  0]LogWindows: WindowsPlatformFeatures enabled
[2021.03.08-10.28.30:887][  0]LogInit: Physics initialised using underlying interface: PhysX
[2021.03.08-10.28.30:888][  0]LogInit: Using OS detected language (en-US).
[2021.03.08-10.28.30:888][  0]LogInit: Using OS detected locale (en-GB).
[2021.03.08-10.28.30:889][  0]LogTextLocalizationManager: No specific localization for 'en-US' exists, so the 'en' localization will be used.
[2021.03.08-10.28.31:022][  0]LogInit: Setting process to per monitor DPI aware
[2021.03.08-10.28.31:057][  0]LogSlate: New Slate User Created.  User Index 0, Is Virtual User: 0
[2021.03.08-10.28.31:057][  0]LogSlate: Slate User Registered.  User Index 0, Is Virtual User: 0
[2021.03.08-10.28.31:237][  0]LogHMD: Failed to initialize OpenVR with code 110
[2021.03.08-10.28.31:237][  0]LogD3D11RHI: D3D11 min allowed feature level: 11_0
[2021.03.08-10.28.31:237][  0]LogD3D11RHI: D3D11 max allowed feature level: 11_0
[2021.03.08-10.28.31:237][  0]LogD3D11RHI: D3D11 adapters:
[2021.03.08-10.28.31:322][  0]LogD3D11RHI:    0. 'NVIDIA GeForce GTX 1060' (Feature Level 11_0)
[2021.03.08-10.28.31:322][  0]LogD3D11RHI:       6052/0/16305 MB DedicatedVideo/DedicatedSystem/SharedSystem, Outputs:1, VendorId:0x10de
[2021.03.08-10.28.31:340][  0]LogD3D11RHI:    1. 'Intel(R) UHD Graphics 630' (Feature Level 11_0)
[2021.03.08-10.28.31:340][  0]LogD3D11RHI:       128/0/16305 MB DedicatedVideo/DedicatedSystem/SharedSystem, Outputs:1, VendorId:0x8086
[2021.03.08-10.28.31:342][  0]LogD3D11RHI:    2. 'Microsoft Basic Render Driver' (Feature Level 11_0)
[2021.03.08-10.28.31:342][  0]LogD3D11RHI:       0/0/16305 MB DedicatedVideo/DedicatedSystem/SharedSystem, Outputs:0, VendorId:0x1414
[2021.03.08-10.28.31:342][  0]LogD3D11RHI: Chosen D3D11 Adapter: 0
[2021.03.08-10.28.31:348][  0]LogD3D11RHI: Creating new Direct3DDevice
[2021.03.08-10.28.31:348][  0]LogD3D11RHI:     GPU DeviceId: 0x1c20 (for the marketing name, search the web for "GPU Device Id")
[2021.03.08-10.28.31:348][  0]LogWindows: EnumDisplayDevices:
[2021.03.08-10.28.31:348][  0]LogWindows:    0. 'Intel(R) UHD Graphics 630' (P:0 D:1)
[2021.03.08-10.28.31:348][  0]LogWindows:    1. 'Intel(R) UHD Graphics 630' (P:0 D:0)
[2021.03.08-10.28.31:348][  0]LogWindows:    2. 'Intel(R) UHD Graphics 630' (P:0 D:0)
[2021.03.08-10.28.31:349][  0]LogWindows:    3. 'NVIDIA GeForce GTX 1060' (P:1 D:1)
[2021.03.08-10.28.31:349][  0]LogWindows:    4. 'NVIDIA GeForce GTX 1060' (P:0 D:0)
[2021.03.08-10.28.31:349][  0]LogWindows:    5. 'NVIDIA GeForce GTX 1060' (P:0 D:0)
[2021.03.08-10.28.31:349][  0]LogWindows:    6. 'NVIDIA GeForce GTX 1060' (P:0 D:0)
[2021.03.08-10.28.31:349][  0]LogWindows: DebugString: PrimaryIsNotTheChoosenAdapter PrimaryIsNotTheChoosenAdapter PrimaryIsNotTheChoosenAdapter FoundDriverCount:4 
[2021.03.08-10.28.31:349][  0]LogD3D11RHI:     Adapter Name: NVIDIA GeForce GTX 1060
[2021.03.08-10.28.31:349][  0]LogD3D11RHI:   Driver Version: 460.89 (internal:27.21.14.6089, unified:460.89)
[2021.03.08-10.28.31:349][  0]LogD3D11RHI:      Driver Date: 12-11-2020
[2021.03.08-10.28.31:349][  0]LogRHI: Texture pool is 4236 MB (70% of 6052 MB)
[2021.03.08-10.28.31:400][  0]LogD3D11RHI: RHI has support for 64 bit atomics
[2021.03.08-10.28.31:402][  0]LogD3D11RHI: [Aftermath] Enabled and primed
[2021.03.08-10.28.31:402][  0]LogD3D11RHI: Async texture creation enabled
[2021.03.08-10.28.31:402][  0]LogD3D11RHI: Array index from any shader is supported
[2021.03.08-10.28.31:421][  0]LogD3D11RHI: GPU Timing Frequency: 1000.000000 (Debug: 2 1)
[2021.03.08-10.28.31:671][  0]LogTargetPlatformManager: Display: Loaded TargetPlatform 'AllDesktop'
[2021.03.08-10.28.31:689][  0]LogTargetPlatformManager: Display: Loaded TargetPlatform 'Android'
[2021.03.08-10.28.31:689][  0]LogTargetPlatformManager: Display: Loaded TargetPlatform 'Android_ASTC'
[2021.03.08-10.28.31:689][  0]LogTargetPlatformManager: Display: Loaded TargetPlatform 'Android_DXT'
[2021.03.08-10.28.31:689][  0]LogTargetPlatformManager: Display: Loaded TargetPlatform 'Android_ETC2'
[2021.03.08-10.28.31:689][  0]LogTargetPlatformManager: Display: Loaded TargetPlatform 'AndroidClient'
[2021.03.08-10.28.31:689][  0]LogTargetPlatformManager: Display: Loaded TargetPlatform 'Android_ASTCClient'
[2021.03.08-10.28.31:689][  0]LogTargetPlatformManager: Display: Loaded TargetPlatform 'Android_DXTClient'
[2021.03.08-10.28.31:689][  0]LogTargetPlatformManager: Display: Loaded TargetPlatform 'Android_ETC2Client'
[2021.03.08-10.28.31:689][  0]LogTargetPlatformManager: Display: Loaded TargetPlatform 'Android_Multi'
[2021.03.08-10.28.31:689][  0]LogTargetPlatformManager: Display: Loaded TargetPlatform 'Android_MultiClient'
[2021.03.08-10.28.31:709][  0]LogTargetPlatformManager: Display: Loaded TargetPlatform 'IOSClient'
[2021.03.08-10.28.31:709][  0]LogTargetPlatformManager: Display: Loaded TargetPlatform 'IOS'
[2021.03.08-10.28.31:717][  0]LogTargetPlatformManager: Display: Loaded TargetPlatform 'Linux'
[2021.03.08-10.28.31:725][  0]LogTargetPlatformManager: Display: Loaded TargetPlatform 'LinuxNoEditor'
[2021.03.08-10.28.31:733][  0]LogTargetPlatformManager: Display: Loaded TargetPlatform 'LinuxClient'
[2021.03.08-10.28.31:740][  0]LogTargetPlatformManager: Display: Loaded TargetPlatform 'LinuxServer'
[2021.03.08-10.28.31:748][  0]LogTargetPlatformManager: Display: Loaded TargetPlatform 'LinuxAArch64NoEditor'
[2021.03.08-10.28.31:756][  0]LogTargetPlatformManager: Display: Loaded TargetPlatform 'LinuxAArch64Client'
[2021.03.08-10.28.31:763][  0]LogTargetPlatformManager: Display: Loaded TargetPlatform 'LinuxAArch64Server'
[2021.03.08-10.28.31:785][  0]LogTargetPlatformManager: Display: Loaded TargetPlatform 'Lumin'
[2021.03.08-10.28.31:785][  0]LogTargetPlatformManager: Display: Loaded TargetPlatform 'LuminClient'
[2021.03.08-10.28.31:797][  0]LogTargetPlatformManager: Display: Loaded TargetPlatform 'TVOSClient'
[2021.03.08-10.28.31:798][  0]LogTargetPlatformManager: Display: Loaded TargetPlatform 'TVOS'
[2021.03.08-10.28.31:805][  0]LogTargetPlatformManager: Display: Loaded TargetPlatform 'WindowsNoEditor'
[2021.03.08-10.28.31:814][  0]LogTargetPlatformManager: Display: Loaded TargetPlatform 'Windows'
[2021.03.08-10.28.31:821][  0]LogTargetPlatformManager: Display: Loaded TargetPlatform 'WindowsClient'
[2021.03.08-10.28.31:829][  0]LogTargetPlatformManager: Display: Loaded TargetPlatform 'WindowsServer'
[2021.03.08-10.28.31:829][  0]LogTargetPlatformManager: Display: Building Assets For Windows
[2021.03.08-10.28.31:835][  0]LogAudioDebug: Display: Lib vorbis DLL was dynamically loaded.
[2021.03.08-10.28.31:884][  0]LogShaderCompilers: Guid format shader working directory is -12 characters bigger than the processId version (../../../../../../Unreal4/Masters/Module_2/DerrickDorisAd/Intermediate/Shaders/WorkingDirectory/3212/).
[2021.03.08-10.28.31:884][  0]LogShaderCompilers: Cleaned the shader compiler working directory 'C:/Users/home/AppData/Local/Temp/UnrealShaderWorkingDir/C54841604FF41F996E0816BCB26F82E4/'.
[2021.03.08-10.28.31:885][  0]LogXGEController: Cannot use XGE Controller as Incredibuild is not installed on this machine.
[2021.03.08-10.28.31:885][  0]LogShaderCompilers: Cannot use XGE Shader Compiler as Incredibuild is not installed on this machine.
[2021.03.08-10.28.31:885][  0]LogShaderCompilers: Display: Using Local Shader Compiler.
[2021.03.08-10.28.32:561][  0]LogDerivedDataCache: Display: Max Cache Size: 512 MB
[2021.03.08-10.28.32:603][  0]LogDerivedDataCache: Loaded boot cache 0.04s 75MB C:/Users/home/AppData/Local/UnrealEngine/4.25/DerivedDataCache/Boot.ddc.
[2021.03.08-10.28.32:603][  0]LogDerivedDataCache: Display: Loaded Boot cache: C:/Users/home/AppData/Local/UnrealEngine/4.25/DerivedDataCache/Boot.ddc
[2021.03.08-10.28.32:603][  0]LogDerivedDataCache: FDerivedDataBackendGraph:  Pak pak cache file ../../../../../../Unreal4/Masters/Module_2/DerrickDorisAd/DerivedDataCache/DDC.ddp not found, will not use a pak cache.
[2021.03.08-10.28.32:603][  0]LogDerivedDataCache: Unable to find inner node Pak for hierarchical cache Hierarchy.
[2021.03.08-10.28.32:603][  0]LogDerivedDataCache: FDerivedDataBackendGraph:  CompressedPak pak cache file ../../../../../../Unreal4/Masters/Module_2/DerrickDorisAd/DerivedDataCache/Compressed.ddp not found, will not use a pak cache.
[2021.03.08-10.28.32:603][  0]LogDerivedDataCache: Unable to find inner node CompressedPak for hierarchical cache Hierarchy.
[2021.03.08-10.28.32:612][  0]LogDerivedDataCache: Display: Pak cache opened for reading ../../../Engine/DerivedDataCache/Compressed.ddp.
[2021.03.08-10.28.32:612][  0]LogDerivedDataCache: FDerivedDataBackendGraph:  EnterprisePak pak cache file ../../../Enterprise/DerivedDataCache/Compressed.ddp not found, will not use a pak cache.
[2021.03.08-10.28.32:612][  0]LogDerivedDataCache: Unable to find inner node EnterprisePak for hierarchical cache Hierarchy.
[2021.03.08-10.28.32:614][  0]LogDerivedDataCache: Using Local data cache path C:/Users/home/AppData/Local/UnrealEngine/Common/DerivedDataCache: Writable
[2021.03.08-10.28.32:614][  0]LogDerivedDataCache: Shared data cache path not found in *engine.ini, will not use an Shared cache.
[2021.03.08-10.28.32:614][  0]LogDerivedDataCache: Unable to find inner node Shared for hierarchical cache Hierarchy.
[2021.03.08-10.28.32:656][  0]LogSlate: Using FreeType 2.10.0
[2021.03.08-10.28.32:657][  0]LogSlate: SlateFontServices - WITH_FREETYPE: 1, WITH_HARFBUZZ: 1
[2021.03.08-10.28.32:680][  0]LogAssetRegistry: FAssetRegistry took 0.0021 seconds to start up
[2021.03.08-10.28.32:874][  0]LogInit: Selected Device Profile: [Windows]
[2021.03.08-10.28.32:973][  0]LogMeshReduction: Using QuadricMeshReduction for automatic static mesh reduction
[2021.03.08-10.28.32:973][  0]LogMeshReduction: Using SimplygonMeshReduction for automatic skeletal mesh reduction
[2021.03.08-10.28.32:973][  0]LogMeshReduction: Using ProxyLODMeshReduction for automatic mesh merging
[2021.03.08-10.28.32:973][  0]LogMeshReduction: No distributed automatic mesh merging module available
[2021.03.08-10.28.32:973][  0]LogMeshMerging: No distributed automatic mesh merging module available
[2021.03.08-10.28.32:987][  0]LogNetVersion: DerrickDorisAd 1.0.0, NetCL: 13144385, EngineNetVer: 14, GameNetVer: 0 (Checksum: 1268536281)
[2021.03.08-10.28.33:349][  0]LogAISub: UAISubsystem::UAISubsystem AISubsystem (00000241FF7E5B80), frame # 0
[2021.03.08-10.28.33:349][  0]LogAISub: UAISubsystem::UAISubsystem AIPerceptionSystem (00000241FF73EAC0), frame # 0
[2021.03.08-10.28.33:350][  0]LogAISub: UAISubsystem::UAISubsystem EnvQueryManager (00000241FF785E00), frame # 0
[2021.03.08-10.28.33:384][  0]LogPackageLocalizationCache: Processed 19 localized package path(s) for 1 prioritized culture(s) in 0.029607 seconds
[2021.03.08-10.28.33:388][  0]LogUObjectArray: 15917 objects as part of root set at end of initial load.
[2021.03.08-10.28.33:388][  0]LogUObjectAllocator: 3965568 out of 0 bytes used by permanent object pool.
[2021.03.08-10.28.33:388][  0]LogUObjectArray: CloseDisregardForGC: 0/0 objects in disregard for GC pool
[2021.03.08-10.28.33:679][  0]LogTcpMessaging: Initializing TcpMessaging bridge
[2021.03.08-10.28.33:683][  0]LogUdpMessaging: Initializing bridge on interface 0.0.0.0:0 to multicast group 230.0.0.1:6666.
[2021.03.08-10.28.33:776][  0]SourceControl: Source control is disabled
[2021.03.08-10.28.34:389][  0]LogAndroidPermission: UAndroidPermissionCallbackProxy::GetInstance
[2021.03.08-10.28.34:408][  0]LogAudioCaptureCore: Display: No Audio Capture implementations found. Audio input will be silent.
[2021.03.08-10.28.34:408][  0]LogAudioCaptureCore: Display: No Audio Capture implementations found. Audio input will be silent.
[2021.03.08-10.28.34:450][  0]LogOcInput: OculusInput pre-init called
[2021.03.08-10.28.34:458][  0]LogWindows: Failed to load 'OVRPlugin.dll' (GetLastError=126)
[2021.03.08-10.28.34:459][  0]LogWindows: File 'OVRPlugin.dll' does not exist
[2021.03.08-10.28.34:511][  0]LogEngine: Initializing Engine...
[2021.03.08-10.28.34:512][  0]LogHMD: Failed to initialize OpenVR with code 110
[2021.03.08-10.28.34:512][  0]LogMagicLeap: Warning: VR disabled because ZI is not enabled.  To enable, in the editor, Edit -> Project Settings -> Plugins -> Magic Leap Plugin -> Enable Zero Iteration
[2021.03.08-10.28.34:512][  0]LogStats: UGameplayTagsManager::InitializeManager -  0.000 s
[2021.03.08-10.28.34:608][  0]LogInit: Initializing FReadOnlyCVARCache
[2021.03.08-10.28.34:616][  0]LogAIModule: Creating AISystem for world Untitled
[2021.03.08-10.28.34:616][  0]LogAISub: UAISubsystem::UAISubsystem EnvQueryManager (00000241823B3C00), frame # 0
[2021.03.08-10.28.34:616][  0]LogAISub: UAISubsystem::UAISubsystem AIPerceptionSystem (00000241823CF380), frame # 0
[2021.03.08-10.28.34:629][  0]LogAudioMixer: Display: Audio Mixer Platform Settings:
[2021.03.08-10.28.34:629][  0]LogAudioMixer: Display: 	Sample Rate:						  48000
[2021.03.08-10.28.34:629][  0]LogAudioMixer: Display: 	Callback Buffer Frame Size Requested: 1024
[2021.03.08-10.28.34:629][  0]LogAudioMixer: Display: 	Callback Buffer Frame Size To Use:	  1024
[2021.03.08-10.28.34:629][  0]LogAudioMixer: Display: 	Number of buffers to queue:			  2
[2021.03.08-10.28.34:629][  0]LogAudioMixer: Display: 	Max Channels (voices):				  32
[2021.03.08-10.28.34:629][  0]LogAudioMixer: Display: 	Number of Async Source Workers:		  0
[2021.03.08-10.28.34:629][  0]LogAudio: Display: AudioDevice MaxSources: 32
[2021.03.08-10.28.34:629][  0]LogAudio: Display: Using built-in audio occlusion.
[2021.03.08-10.28.34:629][  0]LogAudioMixer: Display: Initializing audio mixer.
[2021.03.08-10.28.34:637][  0]LogAudioMixer: Display: 0: FrontLeft
[2021.03.08-10.28.34:637][  0]LogAudioMixer: Display: 1: FrontRight
[2021.03.08-10.28.35:023][  0]LogAudioMixer: Display: Using Audio Device Speakers (Realtek(R) Audio)
[2021.03.08-10.28.35:025][  0]LogAudioMixer: Display: Initializing Sound Submixes...
[2021.03.08-10.28.35:027][  0]LogAudioMixer: Display: Creating Master Submix 'MasterSubmixDefault'
[2021.03.08-10.28.35:027][  0]LogAudioMixer: Display: Creating Master Submix 'MasterReverbSubmixDefault'
[2021.03.08-10.28.35:027][  0]LogAudioMixer: Display: Creating Master Submix 'MasterEQSubmixDefault'
[2021.03.08-10.28.35:028][  0]LogInit: FAudioDevice initialized.
[2021.03.08-10.28.35:028][  0]LogNetVersion: Set ProjectVersion to 1.0.0.0. Version Checksum will be recalculated on next use.
[2021.03.08-10.28.35:108][  0]LogDerivedDataCache: Saved boot cache 0.08s 75MB C:/Users/home/AppData/Local/UnrealEngine/4.25/DerivedDataCache/Boot.ddc.
[2021.03.08-10.28.35:108][  0]LogInit: Texture streaming: Enabled
[2021.03.08-10.28.35:125][  0]LogEngineSessionManager: EngineSessionManager initialized
[2021.03.08-10.28.35:125][  0]LogEditorSessionSummary: Verbose: Initializing EditorSessionSummaryWriter for editor session tracking
[2021.03.08-10.28.35:132][  0]LogEditorSessionSummary: EditorSessionSummaryWriter initialized
[2021.03.08-10.28.35:181][  0]LogInit: Transaction tracking system initialized
[2021.03.08-10.28.35:200][  0]BlueprintLog: New page: Editor Load
[2021.03.08-10.28.35:262][  0]LocalizationService: Localization service is disabled
[2021.03.08-10.28.35:388][  0]LogCook: Display: Max memory allowance for cook 16384mb min free memory 0mb
[2021.03.08-10.28.35:388][  0]LogCook: Display: Mobile HDR setting 1
[2021.03.08-10.28.35:512][  0]LogFileCache: Scanning file cache for directory 'D:/Unreal4/Masters/Module_2/DerrickDorisAd/Content/' took 0.00s
[2021.03.08-10.28.35:709][  0]LogUnrealEdMisc: Loading editor; pre map load, took 5.901
[2021.03.08-10.28.35:709][  0]Cmd: MAP LOAD FILE="../../../../../../Unreal4/Masters/Module_2/DerrickDorisAd/Content/ThirdPersonBP/Maps/StartLevel.umap" TEMPLATE=0 SHOWPROGRESS=1 FEATURELEVEL=3
[2021.03.08-10.28.35:709][  0]LightingResults: New page: Lighting Build
[2021.03.08-10.28.35:709][  0]LogWorld: UWorld::CleanupWorld for Untitled, bSessionEnded=true, bCleanupResources=true
[2021.03.08-10.28.35:709][  0]LogSlate: InvalidateAllWidgets triggered.  All widgets were invalidated
[2021.03.08-10.28.35:710][  0]MapCheck: New page: Map Check
[2021.03.08-10.28.35:710][  0]LightingResults: New page: Lighting Build
[2021.03.08-10.28.35:720][  0]LogAISub: UAISubsystem::~UAISubsystem EnvQueryManager (00000241823B3C00), frame # 0
[2021.03.08-10.28.35:720][  0]LogAISub: UAISubsystem::~UAISubsystem AIPerceptionSystem (00000241823CF380), frame # 0
[2021.03.08-10.28.35:720][  0]LogUObjectHash: Compacting FUObjectHashTables data took   0.60ms
[2021.03.08-10.28.35:967][  0]LogAIModule: Creating AISystem for world StartLevel
[2021.03.08-10.28.35:967][  0]LogAISub: UAISubsystem::UAISubsystem EnvQueryManager (000002418B77A400), frame # 0
[2021.03.08-10.28.35:967][  0]LogAISub: UAISubsystem::UAISubsystem AIPerceptionSystem (000002418B78F380), frame # 0
[2021.03.08-10.28.35:970][  0]LogEditorServer: Finished looking for orphan Actors (0.000 secs)
[2021.03.08-10.28.35:982][  0]LogUObjectHash: Compacting FUObjectHashTables data took   0.72ms
[2021.03.08-10.28.35:982][  0]Cmd: MAP CHECKDEP NOCLEARLOG
[2021.03.08-10.28.35:982][  0]MapCheck: Map check complete: 0 Error(s), 0 Warning(s), took 0.103ms to complete.
[2021.03.08-10.28.35:982][  0]LogFileHelpers: Loading map 'StartLevel' took 0.274
[2021.03.08-10.28.35:984][  0]LogUnrealEdMisc: Total Editor Startup Time, took 6.176
[2021.03.08-10.28.36:143][  0]LogSlate: Updating window title bar state: overlay mode, drag disabled, window buttons hidden, title bar hidden
[2021.03.08-10.28.36:149][  0]LogSlate: Updating window title bar state: overlay mode, drag disabled, window buttons hidden, title bar hidden
[2021.03.08-10.28.36:156][  0]LogSlate: Updating window title bar state: overlay mode, drag disabled, window buttons hidden, title bar hidden
[2021.03.08-10.28.36:162][  0]LogSlate: Updating window title bar state: overlay mode, drag disabled, window buttons hidden, title bar hidden
[2021.03.08-10.28.36:171][  0]LogCollectionManager: Loaded 0 collections in 0.000547 seconds
[2021.03.08-10.28.36:182][  0]LogFileCache: Scanning file cache for directory 'D:/Unreal4/Masters/Module_2/DerrickDorisAd/Saved/Collections/' took 0.00s
[2021.03.08-10.28.36:182][  0]LogFileCache: Scanning file cache for directory 'D:/Unreal4/Masters/Module_2/DerrickDorisAd/Content/Developers/home/Collections/' took 0.00s
[2021.03.08-10.28.36:182][  0]LogFileCache: Scanning file cache for directory 'D:/Unreal4/Masters/Module_2/DerrickDorisAd/Content/Collections/' took 0.00s
[2021.03.08-10.28.36:182][  0]LogContentBrowser: Native class hierarchy populated in 0.0078 seconds. Added 3427 classes and 821 folders.
[2021.03.08-10.28.36:184][  0]LogContentBrowser: Native class hierarchy updated for 'WidgetCarousel' in 0.0002 seconds. Added 0 classes and 0 folders.
[2021.03.08-10.28.36:235][  0]LogContentBrowser: Native class hierarchy updated for 'AddContentDialog' in 0.0002 seconds. Added 0 classes and 0 folders.
[2021.03.08-10.28.36:420][  0]LogContentBrowser: Native class hierarchy updated for 'WorldBrowser' in 0.0004 seconds. Added 2 classes and 3 folders.
[2021.03.08-10.28.36:428][  0]LogContentBrowser: Native class hierarchy updated for 'SceneOutliner' in 0.0003 seconds. Added 2 classes and 0 folders.
[2021.03.08-10.28.37:154][  0]LogSlate: Took 0.000212 seconds to synchronously load lazily loaded font '../../../Engine/Content/Slate/Fonts/Roboto-Regular.ttf' (155K)
[2021.03.08-10.28.37:156][  0]LogSlate: Took 0.000160 seconds to synchronously load lazily loaded font '../../../Engine/Content/Slate/Fonts/Roboto-Bold.ttf' (160K)
[2021.03.08-10.28.37:159][  0]LogSlate: Took 0.000180 seconds to synchronously load lazily loaded font '../../../Engine/Content/Editor/Slate/Fonts/FontAwesome.ttf' (139K)
[2021.03.08-10.28.37:224][  0]LogRenderer: Reallocating scene render targets to support 1208x572 Format 10 NumSamples 1 (Frame:1).
[2021.03.08-10.28.37:282][  0]LogContentBrowser: Native class hierarchy updated for 'HierarchicalLODOutliner' in 0.0002 seconds. Added 0 classes and 0 folders.
[2021.03.08-10.28.37:282][  0]LogLoad: (Engine Initialization) Total time: 7.48 seconds
[2021.03.08-10.28.37:282][  0]LogLoad: (Engine Initialization) Total Blueprint compile time: 0.00 seconds
[2021.03.08-10.28.37:352][  0]LogAssetRegistry: Asset discovery search completed in 4.6725 seconds
[2021.03.08-10.28.37:355][  0]LogCollectionManager: Fixed up redirectors for 0 collections in 0.000002 seconds (updated 0 objects)
[2021.03.08-10.28.37:357][  0]LogContentStreaming: Texture pool size now 1000 MB
[2021.03.08-10.28.37:376][  0]LogSlate: Took 0.000163 seconds to synchronously load lazily loaded font '../../../Engine/Content/Slate/Fonts/Roboto-Light.ttf' (167K)
[2021.03.08-10.28.38:313][ 55]LogSlate: Took 0.000192 seconds to synchronously load lazily loaded font '../../../Engine/Content/Slate/Fonts/Roboto-Light.ttf' (167K)
[2021.03.08-10.28.56:321][109]LogAssetEditorSubsystem: Opening Asset editor for World /Game/ThirdPersonBP/Maps/Base_Level.Base_Level
[2021.03.08-10.28.56:332][109]LogUObjectHash: Compacting FUObjectHashTables data took   0.80ms
[2021.03.08-10.28.56:334][109]Cmd: MAP LOAD FILE="../../../../../../Unreal4/Masters/Module_2/DerrickDorisAd/Content/ThirdPersonBP/Maps/Base_Level.umap" TEMPLATE=0 SHOWPROGRESS=1 FEATURELEVEL=3
[2021.03.08-10.28.56:334][109]LightingResults: New page: Lighting Build
[2021.03.08-10.28.56:334][109]LoadErrors: New page: Loading map: Base_Level.umap
[2021.03.08-10.28.56:335][109]LogWorld: UWorld::CleanupWorld for StartLevel, bSessionEnded=true, bCleanupResources=true
[2021.03.08-10.28.56:335][109]LogSlate: InvalidateAllWidgets triggered.  All widgets were invalidated
[2021.03.08-10.28.56:335][109]MapCheck: New page: Map Check
[2021.03.08-10.28.56:335][109]LightingResults: New page: Lighting Build
[2021.03.08-10.28.56:345][109]LogAISub: UAISubsystem::~UAISubsystem EnvQueryManager (000002418B77A400), frame # 1109
[2021.03.08-10.28.56:345][109]LogAISub: UAISubsystem::~UAISubsystem AIPerceptionSystem (000002418B78F380), frame # 1109
[2021.03.08-10.28.56:346][109]LogUObjectHash: Compacting FUObjectHashTables data took   0.74ms
[2021.03.08-10.28.56:348][109]LogStreaming: Display: ULevelStreaming::RequestLevel(/Game/ThirdPersonBP/Maps/Level_1) is flushing async loading
[2021.03.08-10.28.56:348][109]LogStreaming: Display: Flushing async loaders.
[2021.03.08-10.28.56:501][109]LogStreaming: Display: ULevelStreaming::RequestLevel(/Game/ThirdPersonBP/Maps/Level_2) is flushing async loading
[2021.03.08-10.28.56:507][109]LogStreaming: Display: ULevelStreaming::RequestLevel(/Game/ThirdPersonBP/Maps/Level_3) is flushing async loading
[2021.03.08-10.28.56:511][109]LogStreaming: Display: ULevelStreaming::RequestLevel(/Game/ThirdPersonBP/Maps/Level_4) is flushing async loading
[2021.03.08-10.28.56:523][109]LogStreaming: Display: ULevelStreaming::RequestLevel(/Game/ThirdPersonBP/Maps/Level_5) is flushing async loading
[2021.03.08-10.28.56:531][109]LogStreaming: Display: ULevelStreaming::RequestLevel(/Game/ThirdPersonBP/Maps/Level_6) is flushing async loading
[2021.03.08-10.28.56:617][109]LogEditorServer: Finished looking for orphan Actors (0.000 secs)
[2021.03.08-10.28.56:617][109]LogAIModule: Creating AISystem for world Base_Level
[2021.03.08-10.28.56:618][109]LogAISub: UAISubsystem::UAISubsystem EnvQueryManager (00000241A7D23600), frame # 1109
[2021.03.08-10.28.56:619][109]LogAISub: UAISubsystem::UAISubsystem AIPerceptionSystem (00000241A768A480), frame # 1109
[2021.03.08-10.28.56:623][109]LogNavigationDataBuild: Display:    Building NavData:  Name Default class /Script/NavigationSystem.RecastNavMesh agent radius 35.0.
[2021.03.08-10.28.56:656][109]LogUObjectHash: Compacting FUObjectHashTables data took   1.84ms
[2021.03.08-10.28.56:681][109]Cmd: MAP CHECKDEP NOCLEARLOG
[2021.03.08-10.28.56:681][109]MapCheck: Map check complete: 0 Error(s), 0 Warning(s), took 0.174ms to complete.
[2021.03.08-10.28.56:681][109]LogFileHelpers: Loading map 'Base_Level' took 0.347
[2021.03.08-12.03.05:302][ 21]LogAssetEditorSubsystem: Opening Asset editor for World /Game/ThirdPersonBP/Maps/Level_1.Level_1
[2021.03.08-12.03.05:313][ 21]LogUObjectHash: Compacting FUObjectHashTables data took   0.36ms
[2021.03.08-12.03.05:315][ 21]Cmd: MAP LOAD FILE="../../../../../../Unreal4/Masters/Module_2/DerrickDorisAd/Content/ThirdPersonBP/Maps/Level_1.umap" TEMPLATE=0 SHOWPROGRESS=1 FEATURELEVEL=3
[2021.03.08-12.03.05:315][ 21]LightingResults: New page: Lighting Build
[2021.03.08-12.03.05:315][ 21]LoadErrors: New page: Loading map: Level_1.umap
[2021.03.08-12.03.05:317][ 21]LogWorld: UWorld::CleanupWorld for Base_Level, bSessionEnded=true, bCleanupResources=true
[2021.03.08-12.03.05:317][ 21]LogSlate: InvalidateAllWidgets triggered.  All widgets were invalidated
[2021.03.08-12.03.05:317][ 21]LogWorld: UWorld::CleanupWorld for Level_1, bSessionEnded=true, bCleanupResources=true
[2021.03.08-12.03.05:317][ 21]LogSlate: InvalidateAllWidgets triggered.  All widgets were invalidated
[2021.03.08-12.03.05:317][ 21]LogWorld: UWorld::CleanupWorld for Level_2, bSessionEnded=true, bCleanupResources=true
[2021.03.08-12.03.05:317][ 21]LogSlate: InvalidateAllWidgets triggered.  All widgets were invalidated
[2021.03.08-12.03.05:317][ 21]LogWorld: UWorld::CleanupWorld for Level_3, bSessionEnded=true, bCleanupResources=true
[2021.03.08-12.03.05:317][ 21]LogSlate: InvalidateAllWidgets triggered.  All widgets were invalidated
[2021.03.08-12.03.05:317][ 21]LogWorld: UWorld::CleanupWorld for Level_4, bSessionEnded=true, bCleanupResources=true
[2021.03.08-12.03.05:317][ 21]LogSlate: InvalidateAllWidgets triggered.  All widgets were invalidated
[2021.03.08-12.03.05:317][ 21]LogWorld: UWorld::CleanupWorld for Level_5, bSessionEnded=true, bCleanupResources=true
[2021.03.08-12.03.05:317][ 21]LogSlate: InvalidateAllWidgets triggered.  All widgets were invalidated
[2021.03.08-12.03.05:317][ 21]LogWorld: UWorld::CleanupWorld for Level_6, bSessionEnded=true, bCleanupResources=true
[2021.03.08-12.03.05:317][ 21]LogSlate: InvalidateAllWidgets triggered.  All widgets were invalidated
[2021.03.08-12.03.05:317][ 21]MapCheck: New page: Map Check
[2021.03.08-12.03.05:317][ 21]LightingResults: New page: Lighting Build
[2021.03.08-12.03.05:330][ 21]LogAISub: UAISubsystem::~UAISubsystem EnvQueryManager (00000241A7D23600), frame # 20021
[2021.03.08-12.03.05:330][ 21]LogAISub: UAISubsystem::~UAISubsystem AIPerceptionSystem (00000241A768A480), frame # 20021
[2021.03.08-12.03.05:331][ 21]LogUObjectHash: Compacting FUObjectHashTables data took   0.93ms
[2021.03.08-12.03.05:333][ 21]LogAIModule: Creating AISystem for world Level_1
[2021.03.08-12.03.05:333][ 21]LogAISub: UAISubsystem::UAISubsystem EnvQueryManager (0000024187371800), frame # 20021
[2021.03.08-12.03.05:333][ 21]LogAISub: UAISubsystem::UAISubsystem AIPerceptionSystem (00000241B803E200), frame # 20021
[2021.03.08-12.03.05:502][ 21]LogEditorServer: Finished looking for orphan Actors (0.000 secs)
[2021.03.08-12.03.05:516][ 21]LogUObjectHash: Compacting FUObjectHashTables data took   0.70ms
[2021.03.08-12.03.05:539][ 21]Cmd: MAP CHECKDEP NOCLEARLOG
[2021.03.08-12.03.05:539][ 21]MapCheck: Map check complete: 0 Error(s), 0 Warning(s), took 0.071ms to complete.
[2021.03.08-12.03.05:539][ 21]LogFileHelpers: Loading map 'Level_1' took 0.224
[2021.03.08-12.03.05:579][ 21]LogUObjectHash: Compacting FUObjectHashTables data took   0.22ms
[2021.03.08-12.03.06:781][ 89]LogAssetEditorSubsystem: Opening Asset editor for World /Game/ThirdPersonBP/Maps/Base_Level.Base_Level
[2021.03.08-12.03.06:792][ 89]LogUObjectHash: Compacting FUObjectHashTables data took   1.08ms
[2021.03.08-12.03.06:793][ 89]Cmd: MAP LOAD FILE="../../../../../../Unreal4/Masters/Module_2/DerrickDorisAd/Content/ThirdPersonBP/Maps/Base_Level.umap" TEMPLATE=0 SHOWPROGRESS=1 FEATURELEVEL=3
[2021.03.08-12.03.06:793][ 89]LightingResults: New page: Lighting Build
[2021.03.08-12.03.06:794][ 89]LoadErrors: New page: Loading map: Base_Level.umap
[2021.03.08-12.03.06:794][ 89]LogWorld: UWorld::CleanupWorld for Level_1, bSessionEnded=true, bCleanupResources=true
[2021.03.08-12.03.06:794][ 89]LogSlate: InvalidateAllWidgets triggered.  All widgets were invalidated
[2021.03.08-12.03.06:794][ 89]MapCheck: New page: Map Check
[2021.03.08-12.03.06:794][ 89]LightingResults: New page: Lighting Build
[2021.03.08-12.03.06:804][ 89]LogAISub: UAISubsystem::~UAISubsystem AIPerceptionSystem (00000241B803E200), frame # 20089
[2021.03.08-12.03.06:804][ 89]LogAISub: UAISubsystem::~UAISubsystem EnvQueryManager (0000024187371800), frame # 20089
[2021.03.08-12.03.06:805][ 89]LogUObjectHash: Compacting FUObjectHashTables data took   0.65ms
[2021.03.08-12.03.06:810][ 89]LogStreaming: Display: ULevelStreaming::RequestLevel(/Game/ThirdPersonBP/Maps/Level_4) is flushing async loading
[2021.03.08-12.03.06:810][ 89]LogStreaming: Display: Flushing async loaders.
[2021.03.08-12.03.06:817][ 89]LogStreaming: Display: ULevelStreaming::RequestLevel(/Game/ThirdPersonBP/Maps/Level_6) is flushing async loading
[2021.03.08-12.03.06:820][ 89]LogStreaming: Display: ULevelStreaming::RequestLevel(/Game/ThirdPersonBP/Maps/Level_3) is flushing async loading
[2021.03.08-12.03.06:823][ 89]LogStreaming: Display: ULevelStreaming::RequestLevel(/Game/ThirdPersonBP/Maps/Level_5) is flushing async loading
[2021.03.08-12.03.06:826][ 89]LogStreaming: Display: ULevelStreaming::RequestLevel(/Game/ThirdPersonBP/Maps/Level_1) is flushing async loading
[2021.03.08-12.03.06:831][ 89]LogStreaming: Display: ULevelStreaming::RequestLevel(/Game/ThirdPersonBP/Maps/Level_2) is flushing async loading
[2021.03.08-12.03.06:966][ 89]LogEditorServer: Finished looking for orphan Actors (0.000 secs)
[2021.03.08-12.03.06:966][ 89]LogAIModule: Creating AISystem for world Base_Level
[2021.03.08-12.03.06:966][ 89]LogAISub: UAISubsystem::UAISubsystem EnvQueryManager (00000241F62BB000), frame # 20089
[2021.03.08-12.03.06:966][ 89]LogAISub: UAISubsystem::UAISubsystem AIPerceptionSystem (000002418B78E340), frame # 20089
[2021.03.08-12.03.06:968][ 89]LogNavigationDataBuild: Display:    Building NavData:  Name Default class /Script/NavigationSystem.RecastNavMesh agent radius 35.0.
[2021.03.08-12.03.06:983][ 89]LogUObjectHash: Compacting FUObjectHashTables data took   0.60ms
[2021.03.08-12.03.07:006][ 89]Cmd: MAP CHECKDEP NOCLEARLOG
[2021.03.08-12.03.07:006][ 89]MapCheck: Map check complete: 0 Error(s), 0 Warning(s), took 0.264ms to complete.
[2021.03.08-12.03.07:006][ 89]LogFileHelpers: Loading map 'Base_Level' took 0.213
[2021.03.08-12.03.14:895][541]LogUObjectHash: Compacting FUObjectHashTables data took   0.30ms
[2021.03.08-12.03.16:924][661]LogPlayLevel: PlayLevel: No blueprints needed recompiling
[2021.03.08-12.03.16:924][661]PIE: New page: SIE session: Base_Level (8 Mar 2021, 12:03:16)
[2021.03.08-12.03.16:926][661]LogOnline: OSS: Creating online subsystem instance for: NULL
[2021.03.08-12.03.16:927][661]LogOnline: OSS: TryLoadSubsystemAndSetDefault: Loaded subsystem for module [NULL]
[2021.03.08-12.03.16:928][661]LogPlayLevel: Creating play world package: /Game/ThirdPersonBP/Maps/UEDPIE_0_Base_Level
[2021.03.08-12.03.16:933][661]LogPlayLevel: PIE: StaticDuplicateObject took: (0.005398s)
[2021.03.08-12.03.16:934][661]LogAIModule: Creating AISystem for world Base_Level
[2021.03.08-12.03.16:934][661]LogAISub: UAISubsystem::UAISubsystem EnvQueryManager (00000241F2012200), frame # 20661
[2021.03.08-12.03.16:934][661]LogAISub: UAISubsystem::UAISubsystem AIPerceptionSystem (000002418B742480), frame # 20661
[2021.03.08-12.03.16:934][661]LogPlayLevel: PIE: World Init took: (0.001258s)
[2021.03.08-12.03.16:934][661]LogPlayLevel: PIE: Created PIE world by copying editor world from /Game/ThirdPersonBP/Maps/Base_Level.Base_Level to /Game/ThirdPersonBP/Maps/UEDPIE_0_Base_Level.Base_Level (0.006825s)
[2021.03.08-12.03.16:945][661]LogUObjectHash: Compacting FUObjectHashTables data took   0.55ms
[2021.03.08-12.03.16:946][661]LogAudioMixer: Display: Audio Mixer Platform Settings:
[2021.03.08-12.03.16:946][661]LogAudioMixer: Display: 	Sample Rate:						  48000
[2021.03.08-12.03.16:946][661]LogAudioMixer: Display: 	Callback Buffer Frame Size Requested: 1024
[2021.03.08-12.03.16:946][661]LogAudioMixer: Display: 	Callback Buffer Frame Size To Use:	  1024
[2021.03.08-12.03.16:946][661]LogAudioMixer: Display: 	Number of buffers to queue:			  2
[2021.03.08-12.03.16:946][661]LogAudioMixer: Display: 	Max Channels (voices):				  32
[2021.03.08-12.03.16:946][661]LogAudioMixer: Display: 	Number of Async Source Workers:		  0
[2021.03.08-12.03.16:946][661]LogAudio: Display: AudioDevice MaxSources: 32
[2021.03.08-12.03.16:946][661]LogAudio: Display: Using built-in audio occlusion.
[2021.03.08-12.03.16:946][661]LogAudioMixer: Display: Initializing audio mixer.
[2021.03.08-12.03.16:949][661]LogAudioMixer: Display: 0: FrontLeft
[2021.03.08-12.03.16:949][661]LogAudioMixer: Display: 1: FrontRight
[2021.03.08-12.03.17:073][661]LogAudioMixer: Display: Using Audio Device Speakers (Realtek(R) Audio)
[2021.03.08-12.03.17:073][661]LogAudioMixer: Display: Initializing Sound Submixes...
[2021.03.08-12.03.17:073][661]LogAudioMixer: Display: Creating Master Submix 'MasterSubmixDefault'
[2021.03.08-12.03.17:073][661]LogAudioMixer: Display: Creating Master Submix 'MasterReverbSubmixDefault'
[2021.03.08-12.03.17:073][661]LogAudioMixer: Display: Creating Master Submix 'MasterEQSubmixDefault'
[2021.03.08-12.03.17:095][661]LogInit: FAudioDevice initialized.
[2021.03.08-12.03.17:106][661]LogLoad: Game class is 'ThirdPersonGameMode_C'
[2021.03.08-12.03.17:107][661]LogWorld: Bringing World /Game/ThirdPersonBP/Maps/UEDPIE_0_Base_Level.Base_Level up for play (max tick rate 60) at 2021.03.08-12.03.17
[2021.03.08-12.03.17:107][661]LogWorld: Bringing up level for play took: 0.000524
[2021.03.08-12.03.17:108][661]LogOnline: OSS: Creating online subsystem instance for: :Context_2
[2021.03.08-12.03.17:112][661]LogContentBrowser: Native class hierarchy updated for 'MovieSceneCapture' in 0.0003 seconds. Added 20 classes and 0 folders.
[2021.03.08-12.03.17:114][661]PIE: Server logged in
[2021.03.08-12.03.17:116][661]PIE: Play in editor total start time 0.196 seconds.
[2021.03.08-12.03.17:118][661]LogStreaming: Display: ULevelStreaming::RequestLevel(/Game/ThirdPersonBP/Maps/UEDPIE_0_0x0) is flushing async loading
[2021.03.08-12.03.17:118][661]LogStreaming: Display: Flushing async loaders.
[2021.03.08-12.03.17:125][661]LogStreaming: Display: ULevelStreaming::RequestLevel(/Game/ThirdPersonBP/Maps/UEDPIE_0_0x1) is flushing async loading
[2021.03.08-12.03.17:128][661]LogStreaming: Display: ULevelStreaming::RequestLevel(/Game/ThirdPersonBP/Maps/UEDPIE_0_1x0) is flushing async loading
[2021.03.08-12.03.17:130][661]LogStreaming: Display: ULevelStreaming::RequestLevel(/Game/ThirdPersonBP/Maps/UEDPIE_0_1x1) is flushing async loading
[2021.03.08-12.03.21:081][875]LogSlate: Updating window title bar state: overlay mode, drag disabled, window buttons hidden, title bar hidden
[2021.03.08-12.03.21:081][875]LogWorld: BeginTearingDown for /Game/ThirdPersonBP/Maps/UEDPIE_0_Base_Level
[2021.03.08-12.03.21:082][875]LogWorld: UWorld::CleanupWorld for Base_Level, bSessionEnded=true, bCleanupResources=true
[2021.03.08-12.03.21:082][875]LogSlate: InvalidateAllWidgets triggered.  All widgets were invalidated
[2021.03.08-12.03.21:087][875]LogPlayLevel: Display: Shutting down PIE online subsystems
[2021.03.08-12.03.21:089][875]LogSlate: InvalidateAllWidgets triggered.  All widgets were invalidated
[2021.03.08-12.03.21:100][875]LogSlate: Updating window title bar state: overlay mode, drag disabled, window buttons hidden, title bar hidden
[2021.03.08-12.03.21:119][875]LogAISub: UAISubsystem::~UAISubsystem AIPerceptionSystem (000002418B742480), frame # 20875
[2021.03.08-12.03.21:119][875]LogAISub: UAISubsystem::~UAISubsystem EnvQueryManager (00000241F2012200), frame # 20875
[2021.03.08-12.03.21:120][875]LogUObjectHash: Compacting FUObjectHashTables data took   0.57ms
[2021.03.08-12.03.21:153][876]LogUObjectHash: Compacting FUObjectHashTables data took   0.51ms
[2021.03.08-12.03.21:160][877]LogPlayLevel: Display: Destroying online subsystem :Context_2
[2021.03.08-12.03.21:961][925]LogTemp: Repeating last play command: Simulate
[2021.03.08-12.03.21:978][925]LogPlayLevel: PlayLevel: No blueprints needed recompiling
[2021.03.08-12.03.21:978][925]PIE: New page: SIE session: Base_Level (8 Mar 2021, 12:03:21)
[2021.03.08-12.03.21:978][925]LogPlayLevel: Creating play world package: /Game/ThirdPersonBP/Maps/UEDPIE_0_Base_Level
[2021.03.08-12.03.21:982][925]LogPlayLevel: PIE: StaticDuplicateObject took: (0.003558s)
[2021.03.08-12.03.21:982][925]LogAIModule: Creating AISystem for world Base_Level
[2021.03.08-12.03.21:982][925]LogAISub: UAISubsystem::UAISubsystem EnvQueryManager (00000241B8336400), frame # 20925
[2021.03.08-12.03.21:983][925]LogAISub: UAISubsystem::UAISubsystem AIPerceptionSystem (0000024187279F80), frame # 20925
[2021.03.08-12.03.21:983][925]LogPlayLevel: PIE: World Init took: (0.001023s)
[2021.03.08-12.03.21:983][925]LogPlayLevel: PIE: Created PIE world by copying editor world from /Game/ThirdPersonBP/Maps/Base_Level.Base_Level to /Game/ThirdPersonBP/Maps/UEDPIE_0_Base_Level.Base_Level (0.004730s)
[2021.03.08-12.03.21:993][925]LogUObjectHash: Compacting FUObjectHashTables data took   0.58ms
[2021.03.08-12.03.21:994][925]LogAudioMixer: Display: Audio Mixer Platform Settings:
[2021.03.08-12.03.21:994][925]LogAudioMixer: Display: 	Sample Rate:						  48000
[2021.03.08-12.03.21:994][925]LogAudioMixer: Display: 	Callback Buffer Frame Size Requested: 1024
[2021.03.08-12.03.21:994][925]LogAudioMixer: Display: 	Callback Buffer Frame Size To Use:	  1024
[2021.03.08-12.03.21:994][925]LogAudioMixer: Display: 	Number of buffers to queue:			  2
[2021.03.08-12.03.21:994][925]LogAudioMixer: Display: 	Max Channels (voices):				  32
[2021.03.08-12.03.21:994][925]LogAudioMixer: Display: 	Number of Async Source Workers:		  0
[2021.03.08-12.03.21:994][925]LogAudio: Display: AudioDevice MaxSources: 32
[2021.03.08-12.03.21:994][925]LogAudio: Display: Using built-in audio occlusion.
[2021.03.08-12.03.21:994][925]LogAudioMixer: Display: Initializing audio mixer.
[2021.03.08-12.03.21:996][925]LogAudioMixer: Display: 0: FrontLeft
[2021.03.08-12.03.21:996][925]LogAudioMixer: Display: 1: FrontRight
[2021.03.08-12.03.22:121][925]LogAudioMixer: Display: Using Audio Device Speakers (Realtek(R) Audio)
[2021.03.08-12.03.22:121][925]LogAudioMixer: Display: Initializing Sound Submixes...
[2021.03.08-12.03.22:121][925]LogAudioMixer: Display: Creating Master Submix 'MasterSubmixDefault'
[2021.03.08-12.03.22:121][925]LogAudioMixer: Display: Creating Master Submix 'MasterReverbSubmixDefault'
[2021.03.08-12.03.22:121][925]LogAudioMixer: Display: Creating Master Submix 'MasterEQSubmixDefault'
[2021.03.08-12.03.22:140][925]LogInit: FAudioDevice initialized.
[2021.03.08-12.03.22:152][925]LogLoad: Game class is 'ThirdPersonGameMode_C'
[2021.03.08-12.03.22:153][925]LogWorld: Bringing World /Game/ThirdPersonBP/Maps/UEDPIE_0_Base_Level.Base_Level up for play (max tick rate 60) at 2021.03.08-12.03.22
[2021.03.08-12.03.22:153][925]LogWorld: Bringing up level for play took: 0.000482
[2021.03.08-12.03.22:153][925]LogOnline: OSS: Creating online subsystem instance for: :Context_3
[2021.03.08-12.03.22:156][925]PIE: Server logged in
[2021.03.08-12.03.22:157][925]PIE: Play in editor total start time 0.183 seconds.
[2021.03.08-12.03.22:159][925]LogStreaming: Display: ULevelStreaming::RequestLevel(/Game/ThirdPersonBP/Maps/UEDPIE_0_1x1) is flushing async loading
[2021.03.08-12.03.22:159][925]LogStreaming: Display: Flushing async loaders.
[2021.03.08-12.03.22:163][925]LogStreaming: Display: ULevelStreaming::RequestLevel(/Game/ThirdPersonBP/Maps/UEDPIE_0_1x0) is flushing async loading
[2021.03.08-12.03.22:171][925]LogStreaming: Display: ULevelStreaming::RequestLevel(/Game/ThirdPersonBP/Maps/UEDPIE_0_0x1) is flushing async loading
[2021.03.08-12.03.22:173][925]LogStreaming: Display: ULevelStreaming::RequestLevel(/Game/ThirdPersonBP/Maps/UEDPIE_0_0x0) is flushing async loading
[2021.03.08-12.03.24:431][ 56]LogSlate: Updating window title bar state: overlay mode, drag disabled, window buttons hidden, title bar hidden
[2021.03.08-12.03.24:431][ 56]LogWorld: BeginTearingDown for /Game/ThirdPersonBP/Maps/UEDPIE_0_Base_Level
[2021.03.08-12.03.24:431][ 56]LogWorld: UWorld::CleanupWorld for Base_Level, bSessionEnded=true, bCleanupResources=true
[2021.03.08-12.03.24:432][ 56]LogSlate: InvalidateAllWidgets triggered.  All widgets were invalidated
[2021.03.08-12.03.24:442][ 56]LogPlayLevel: Display: Shutting down PIE online subsystems
[2021.03.08-12.03.24:444][ 56]LogSlate: InvalidateAllWidgets triggered.  All widgets were invalidated
[2021.03.08-12.03.24:454][ 56]LogSlate: Updating window title bar state: overlay mode, drag disabled, window buttons hidden, title bar hidden
[2021.03.08-12.03.24:473][ 56]LogAISub: UAISubsystem::~UAISubsystem AIPerceptionSystem (0000024187279F80), frame # 21056
[2021.03.08-12.03.24:473][ 56]LogAISub: UAISubsystem::~UAISubsystem EnvQueryManager (00000241B8336400), frame # 21056
[2021.03.08-12.03.24:474][ 56]LogUObjectHash: Compacting FUObjectHashTables data took   0.64ms
[2021.03.08-12.03.24:497][ 57]LogPlayLevel: Display: Destroying online subsystem :Context_3
[2021.03.08-12.03.24:508][ 57]LogUObjectHash: Compacting FUObjectHashTables data took   0.82ms
[2021.03.08-12.03.33:460][277]LogUObjectHash: Compacting FUObjectHashTables data took   0.31ms
[2021.03.08-12.03.33:484][277]LogSavePackage: Moving '../../../../../../Unreal4/Masters/Module_2/DerrickDorisAd/Saved/Base_LevelD2AC2A78430AB37DD9DAFE99A6143F67.tmp' to '../../../../../../Unreal4/Masters/Module_2/DerrickDorisAd/Content/ThirdPersonBP/Maps/Base_Level.umap'
[2021.03.08-12.03.33:595][277]LogSavePackage: Moving '../../../../../../Unreal4/Masters/Module_2/DerrickDorisAd/Saved/Base_Level_BuiltData5AA4F8524539C130654916A93DBF17E9.tmp' to '../../../../../../Unreal4/Masters/Module_2/DerrickDorisAd/Content/ThirdPersonBP/Maps/Base_Level_BuiltData.uasset'
[2021.03.08-12.03.33:602][277]AssetCheck: New page: Asset Save: multiple assets
[2021.03.08-12.03.33:602][277]LogContentValidation: Display: Validating World /Game/ThirdPersonBP/Maps/Base_Level.Base_Level
[2021.03.08-12.03.33:602][277]LogContentValidation: Display: Validating MapBuildDataRegistry /Game/ThirdPersonBP/Maps/Base_Level_BuiltData.Base_Level_BuiltData
[2021.03.08-12.03.34:754][345]LogUObjectHash: Compacting FUObjectHashTables data took   0.26ms
